Started at Fri Dec  7 16:28:09 GMT 2018
Ang_1_ATCACG_L008_R1_001.fastq
Started at Fri Dec  7 16:28:09 GMT 2018


	============================
	Creating directory structure
	============================

	


	================================
	Trimming reads using Trim Galore
	================================

	

	Input: single-end read file
	
No quality encoding type selected. Assuming that the data provided uses Sanger encoded Phred scores (default)

Path to Cutadapt set as: 'cutadapt' (default)
1.15
Cutadapt seems to be working fine (tested command 'cutadapt --version')


AUTO-DETECTING ADAPTER TYPE
===========================
Attempting to auto-detect adapter type from the first 1 million sequences of the first file (>> /home/paul/Documents/Data/Marion_tiRNA-paper/C5HW7ACXX//Ang_1_ATCACG_L008_R1_001.fastq.gz <<)

Found perfect matches for the following adapter sequences:
Adapter type	Count	Sequence	Sequences analysed	Percentage
smallRNA	941096	TGGAATTCTCGG	1000000	94.11
Illumina	1	AGATCGGAAGAGC	1000000	0.00
Nextera	0	CTGTCTCTTATA	1000000	0.00
Using smallRNA adapter for trimming (count: 941096). Second best hit was Illumina (count: 1)

Writing report to 'Results/Ang_1_ATCACG_L008_R1_001.fastq/trim_galore_output/Ang_1_ATCACG_L008_R1_001.fastq.gz_trimming_report.txt'

SUMMARISING RUN PARAMETERS
==========================
Input filename: /home/paul/Documents/Data/Marion_tiRNA-paper/C5HW7ACXX//Ang_1_ATCACG_L008_R1_001.fastq.gz
Trimming mode: single-end
Trim Galore version: 0.4.4_dev
Cutadapt version: 1.15
Quality Phred score cutoff: 20
Quality encoding type selected: ASCII+33
Adapter sequence: 'TGGAATTCTCGG' (Illumina small RNA adapter; auto-detected)
Maximum trimming error rate: 0.1 (default)
Minimum required adapter overlap (stringency): 10 bp
Minimum required sequence length before a sequence gets removed: 15 bp
Output file(s) will be GZIP compressed

Writing final adapter and quality trimmed output to Ang_1_ATCACG_L008_R1_001_trimmed.fq.gz


  >>> Now performing quality (cutoff 20) and adapter trimming in a single pass for the adapter sequence: 'TGGAATTCTCGG' from file /home/paul/Documents/Data/Marion_tiRNA-paper/C5HW7ACXX//Ang_1_ATCACG_L008_R1_001.fastq.gz <<< 
10000000 sequences processed
20000000 sequences processed
This is cutadapt 1.15 with Python 3.6.7
Command line parameters: -f fastq -e 0.1 -q 20 -O 10 -a TGGAATTCTCGG /home/paul/Documents/Data/Marion_tiRNA-paper/C5HW7ACXX//Ang_1_ATCACG_L008_R1_001.fastq.gz
Running on 1 core
Trimming 1 adapter with at most 10.0% errors in single-end mode ...
Finished in 335.83 s (12 us/read; 4.86 M reads/minute).

=== Summary ===

Total reads processed:              27,207,711
Reads with adapters:                22,728,870 (83.5%)
Reads written (passing filters):    27,207,711 (100.0%)

Total basepairs processed: 2,720,771,100 bp
Quality-trimmed:             225,999,996 bp (8.3%)
Total written (filtered):  1,654,041,126 bp (60.8%)

=== Adapter 1 ===

Sequence: TGGAATTCTCGG; Type: regular 3'; Length: 12; Trimmed: 22728870 times.

No. of allowed errors:
0-9 bp: 0; 10-12 bp: 1

Bases preceding removed adapters:
  A: 30.5%
  C: 18.4%
  G: 10.4%
  T: 40.6%
  none/other: 0.1%

Overview of removed sequences
length	count	expect	max.err	error counts
9	473334	103.8	0	0 473334
10	437495	25.9	1	417252 20243
11	396075	6.5	1	380703 15372
12	287552	1.6	1	274942 12610
13	148371	1.6	1	139739 8632
14	135323	1.6	1	127335 7988
15	212036	1.6	1	196837 15199
16	219678	1.6	1	207836 11842
17	267876	1.6	1	256245 11631
18	372784	1.6	1	357958 14826
19	233111	1.6	1	222429 10682
20	266258	1.6	1	252388 13870
21	333092	1.6	1	318762 14330
22	539290	1.6	1	518524 20766
23	607047	1.6	1	585874 21173
24	692507	1.6	1	672313 20194
25	1391608	1.6	1	1366444 25164
26	1473009	1.6	1	1448070 24939
27	1093189	1.6	1	1072090 21099
28	671635	1.6	1	656743 14892
29	492070	1.6	1	482271 9799
30	133632	1.6	1	129941 3691
31	714749	1.6	1	702775 11974
32	721345	1.6	1	709018 12327
33	567452	1.6	1	557008 10444
34	907124	1.6	1	891447 15677
35	437368	1.6	1	430032 7336
36	187757	1.6	1	183297 4460
37	670030	1.6	1	658329 11701
38	922662	1.6	1	909377 13285
39	378115	1.6	1	372886 5229
40	160659	1.6	1	158005 2654
41	67186	1.6	1	65962 1224
42	112213	1.6	1	110428 1785
43	42332	1.6	1	41405 927
44	73791	1.6	1	72483 1308
45	63785	1.6	1	62776 1009
46	44693	1.6	1	43938 755
47	76293	1.6	1	75187 1106
48	81838	1.6	1	80584 1254
49	61112	1.6	1	60014 1098
50	108955	1.6	1	107334 1621
51	233161	1.6	1	230234 2927
52	246414	1.6	1	243726 2688
53	49231	1.6	1	48361 870
54	74067	1.6	1	73125 942
55	98384	1.6	1	97163 1221
56	73972	1.6	1	73087 885
57	54847	1.6	1	53770 1077
58	143844	1.6	1	142439 1405
59	51184	1.6	1	50369 815
60	42017	1.6	1	41123 894
61	90291	1.6	1	88704 1587
62	210683	1.6	1	208371 2312
63	156743	1.6	1	154645 2098
64	112581	1.6	1	110971 1610
65	105287	1.6	1	103796 1491
66	215069	1.6	1	212199 2870
67	172571	1.6	1	170137 2434
68	251175	1.6	1	247995 3180
69	199990	1.6	1	197500 2490
70	160568	1.6	1	158125 2443
71	227014	1.6	1	224017 2997
72	274961	1.6	1	271191 3770
73	391248	1.6	1	387362 3886
74	237117	1.6	1	234426 2691
75	170816	1.6	1	168855 1961
76	387661	1.6	1	383974 3687
77	318930	1.6	1	315212 3718
78	547128	1.6	1	541708 5420
79	71495	1.6	1	70408 1087
80	24977	1.6	1	24677 300
81	16754	1.6	1	16551 203
82	17067	1.6	1	16877 190
83	11947	1.6	1	11823 124
84	5128	1.6	1	5056 72
85	4787	1.6	1	4733 54
86	1361	1.6	1	1342 19
87	588	1.6	1	578 10
88	375	1.6	1	369 6
89	300	1.6	1	295 5
90	181	1.6	1	178 3
91	117	1.6	1	116 1
92	93	1.6	1	91 2
93	190	1.6	1	186 4
94	38	1.6	1	37 1
95	23	1.6	1	23
96	13	1.6	1	13
97	7	1.6	1	7
98	7	1.6	1	7
99	2	1.6	1	2
100	35	1.6	1	35


RUN STATISTICS FOR INPUT FILE: /home/paul/Documents/Data/Marion_tiRNA-paper/C5HW7ACXX//Ang_1_ATCACG_L008_R1_001.fastq.gz
=============================================
27207711 sequences processed in total
Sequences removed because they became shorter than the length cutoff of 15 bp:	200280 (0.7%)



	===============================================
	Trimming complete. Moving on to FastQC analysis
	===============================================

	
Started analysis of Ang_1_ATCACG_L008_R1_001_trimmed.fq.gz
Approx 5% complete for Ang_1_ATCACG_L008_R1_001_trimmed.fq.gz
Approx 10% complete for Ang_1_ATCACG_L008_R1_001_trimmed.fq.gz
Approx 15% complete for Ang_1_ATCACG_L008_R1_001_trimmed.fq.gz
Approx 20% complete for Ang_1_ATCACG_L008_R1_001_trimmed.fq.gz
Approx 25% complete for Ang_1_ATCACG_L008_R1_001_trimmed.fq.gz
Approx 30% complete for Ang_1_ATCACG_L008_R1_001_trimmed.fq.gz
Approx 35% complete for Ang_1_ATCACG_L008_R1_001_trimmed.fq.gz
Approx 40% complete for Ang_1_ATCACG_L008_R1_001_trimmed.fq.gz
Approx 45% complete for Ang_1_ATCACG_L008_R1_001_trimmed.fq.gz
Approx 50% complete for Ang_1_ATCACG_L008_R1_001_trimmed.fq.gz
Approx 55% complete for Ang_1_ATCACG_L008_R1_001_trimmed.fq.gz
Approx 60% complete for Ang_1_ATCACG_L008_R1_001_trimmed.fq.gz
Approx 65% complete for Ang_1_ATCACG_L008_R1_001_trimmed.fq.gz
Approx 70% complete for Ang_1_ATCACG_L008_R1_001_trimmed.fq.gz
Approx 75% complete for Ang_1_ATCACG_L008_R1_001_trimmed.fq.gz
Approx 80% complete for Ang_1_ATCACG_L008_R1_001_trimmed.fq.gz
Approx 85% complete for Ang_1_ATCACG_L008_R1_001_trimmed.fq.gz
Approx 90% complete for Ang_1_ATCACG_L008_R1_001_trimmed.fq.gz
Approx 95% complete for Ang_1_ATCACG_L008_R1_001_trimmed.fq.gz
Analysis complete for Ang_1_ATCACG_L008_R1_001_trimmed.fq.gz


	===============================================================
	Finished running FastQC. Moving onto alignment to tRNA database
	===============================================================

	


	==============================
	Running tRNA alignment step...
	==============================

	

[2018-12-07 16:36:33] Beginning TopHat run (v2.0.14)
-----------------------------------------------
[2018-12-07 16:36:33] Checking for Bowtie
		  Bowtie version:	 2.3.4.3
[2018-12-07 16:36:33] Checking for Bowtie index files (transcriptome)..
[2018-12-07 16:36:33] Checking for Bowtie index files (genome)..
[2018-12-07 16:36:33] Checking for reference FASTA file
	Warning: Could not find FASTA file DBs/bowtie2_index/hg19-wholetRNA-CCA.fa
[2018-12-07 16:36:33] Reconstituting reference FASTA file from Bowtie index
  Executing: /usr/bin/bowtie2-inspect DBs/bowtie2_index/hg19-wholetRNA-CCA > Results/Ang_1_ATCACG_L008_R1_001.fastq/tRNA-alignment/tmp/hg19-wholetRNA-CCA.fa
[2018-12-07 16:36:33] Generating SAM header for DBs/bowtie2_index/hg19-wholetRNA-CCA
[2018-12-07 16:36:33] Reading known junctions from GTF file
[2018-12-07 16:36:33] Preparing reads
	 left reads: min. length=15, max. length=100, 27002654 kept reads (4777 discarded)
Warning: short reads (<20bp) will make TopHat quite slow and take large amount of memory because they are likely to be mapped in too many places
[2018-12-07 16:40:42] Using pre-built transcriptome data..
[2018-12-07 16:40:42] Mapping left_kept_reads to transcriptome known with Bowtie2 
[2018-12-07 16:45:42] Reporting output tracks
-----------------------------------------------
[2018-12-07 16:49:27] A summary of the alignment counts can be found in Results/Ang_1_ATCACG_L008_R1_001.fastq/tRNA-alignment/align_summary.txt
[2018-12-07 16:49:27] Run complete: 00:12:54 elapsed


	==================================
	Runnng sno/miRNA alignment step...
	==================================

	

[2018-12-07 16:52:25] Beginning TopHat run (v2.0.14)
-----------------------------------------------
[2018-12-07 16:52:25] Checking for Bowtie
		  Bowtie version:	 2.3.4.3
[2018-12-07 16:52:25] Checking for Bowtie index files (transcriptome)..
[2018-12-07 16:52:25] Checking for Bowtie index files (genome)..
[2018-12-07 16:52:25] Checking for reference FASTA file
	Warning: Could not find FASTA file DBs/bowtie2_index/Homo_sapiens.GRCh37.dna.primary_assembly.fa
[2018-12-07 16:52:25] Reconstituting reference FASTA file from Bowtie index
  Executing: /usr/bin/bowtie2-inspect DBs/bowtie2_index/Homo_sapiens.GRCh37.dna.primary_assembly > Results/Ang_1_ATCACG_L008_R1_001.fastq/snomiRNA-alignment//tmp/Homo_sapiens.GRCh37.dna.primary_assembly.fa
[2018-12-07 16:54:14] Generating SAM header for DBs/bowtie2_index/Homo_sapiens.GRCh37.dna.primary_assembly
Traceback (most recent call last):
  File "/home/paul/Documents/Applications/tophat/tophat-2.0.14.Linux_x86_64/tophat", line 4095, in <module>
    sys.exit(main())
  File "/home/paul/Documents/Applications/tophat/tophat-2.0.14.Linux_x86_64/tophat", line 3949, in main
    params.read_params = check_reads_format(params, reads_list)
  File "/home/paul/Documents/Applications/tophat/tophat-2.0.14.Linux_x86_64/tophat", line 1847, in check_reads_format
    freader=FastxReader(zf.file, params.read_params.color, zf.fname)
  File "/home/paul/Documents/Applications/tophat/tophat-2.0.14.Linux_x86_64/tophat", line 1587, in __init__
    while hlines>0 and self.lastline[0] not in "@>" :
IndexError: string index out of range

				snomiRNA alignment output not found. Reads likely did not map to sno/miRNA reference. 
				Using unmapped.fastq file from tRNA alignment output.
				


	====================================
	Running mRNA/ncRNA alignment step...
	====================================

	

[2018-12-07 16:54:17] Beginning TopHat run (v2.0.14)
-----------------------------------------------
[2018-12-07 16:54:17] Checking for Bowtie
		  Bowtie version:	 2.3.4.3
[2018-12-07 16:54:17] Checking for Bowtie index files (transcriptome)..
[2018-12-07 16:54:17] Checking for Bowtie index files (genome)..
[2018-12-07 16:54:17] Checking for reference FASTA file
	Warning: Could not find FASTA file DBs/bowtie2_index/Homo_sapiens.GRCh37.dna.primary_assembly.fa
[2018-12-07 16:54:17] Reconstituting reference FASTA file from Bowtie index
  Executing: /usr/bin/bowtie2-inspect DBs/bowtie2_index/Homo_sapiens.GRCh37.dna.primary_assembly > Results/Ang_1_ATCACG_L008_R1_001.fastq/mRNA-ncRNA-alignment//tmp/Homo_sapiens.GRCh37.dna.primary_assembly.fa
[2018-12-07 16:56:04] Generating SAM header for DBs/bowtie2_index/Homo_sapiens.GRCh37.dna.primary_assembly
Traceback (most recent call last):
  File "/home/paul/Documents/Applications/tophat/tophat-2.0.14.Linux_x86_64/tophat", line 4095, in <module>
    sys.exit(main())
  File "/home/paul/Documents/Applications/tophat/tophat-2.0.14.Linux_x86_64/tophat", line 3949, in main
    params.read_params = check_reads_format(params, reads_list)
  File "/home/paul/Documents/Applications/tophat/tophat-2.0.14.Linux_x86_64/tophat", line 1847, in check_reads_format
    freader=FastxReader(zf.file, params.read_params.color, zf.fname)
  File "/home/paul/Documents/Applications/tophat/tophat-2.0.14.Linux_x86_64/tophat", line 1587, in __init__
    while hlines>0 and self.lastline[0] not in "@>" :
IndexError: string index out of range

				mRNA/ncRNA alignment output not found. Reads likely did not map to mRNA/ncRNA reference. 
				


	=
	
	=

	


	======================================================================
	Alignment steps complete. Moving on to read-counting using HTSeq-count
	======================================================================

	

Counting tRNA alignment reads

657 GFF lines processed.
100000 SAM alignment records processed.
200000 SAM alignment records processed.
300000 SAM alignment records processed.
400000 SAM alignment records processed.
500000 SAM alignment records processed.
600000 SAM alignment records processed.
700000 SAM alignment records processed.
800000 SAM alignment records processed.
900000 SAM alignment records processed.
1000000 SAM alignment records processed.
1043946 SAM alignments  processed.

No alignment file found for sno/miRNA alignment. Using blank count file instead


No alignment file found for mRNA/ncRNA alignment. Using blank count file instead

Ang_2_CGATGT_L008_R1_001.fastq
Started at Fri Dec  7 16:56:42 GMT 2018


	============================
	Creating directory structure
	============================

	


	================================
	Trimming reads using Trim Galore
	================================

	

	Input: single-end read file
	
No quality encoding type selected. Assuming that the data provided uses Sanger encoded Phred scores (default)

Path to Cutadapt set as: 'cutadapt' (default)
1.15
Cutadapt seems to be working fine (tested command 'cutadapt --version')


AUTO-DETECTING ADAPTER TYPE
===========================
Attempting to auto-detect adapter type from the first 1 million sequences of the first file (>> /home/paul/Documents/Data/Marion_tiRNA-paper/C5HW7ACXX//Ang_2_CGATGT_L008_R1_001.fastq.gz <<)

Found perfect matches for the following adapter sequences:
Adapter type	Count	Sequence	Sequences analysed	Percentage
smallRNA	929780	TGGAATTCTCGG	1000000	92.98
Illumina	2	AGATCGGAAGAGC	1000000	0.00
Nextera	0	CTGTCTCTTATA	1000000	0.00
Using smallRNA adapter for trimming (count: 929780). Second best hit was Illumina (count: 2)

Writing report to 'Results/Ang_2_CGATGT_L008_R1_001.fastq/trim_galore_output/Ang_2_CGATGT_L008_R1_001.fastq.gz_trimming_report.txt'

SUMMARISING RUN PARAMETERS
==========================
Input filename: /home/paul/Documents/Data/Marion_tiRNA-paper/C5HW7ACXX//Ang_2_CGATGT_L008_R1_001.fastq.gz
Trimming mode: single-end
Trim Galore version: 0.4.4_dev
Cutadapt version: 1.15
Quality Phred score cutoff: 20
Quality encoding type selected: ASCII+33
Adapter sequence: 'TGGAATTCTCGG' (Illumina small RNA adapter; auto-detected)
Maximum trimming error rate: 0.1 (default)
Minimum required adapter overlap (stringency): 10 bp
Minimum required sequence length before a sequence gets removed: 15 bp
Output file(s) will be GZIP compressed

Writing final adapter and quality trimmed output to Ang_2_CGATGT_L008_R1_001_trimmed.fq.gz


  >>> Now performing quality (cutoff 20) and adapter trimming in a single pass for the adapter sequence: 'TGGAATTCTCGG' from file /home/paul/Documents/Data/Marion_tiRNA-paper/C5HW7ACXX//Ang_2_CGATGT_L008_R1_001.fastq.gz <<< 
10000000 sequences processed
20000000 sequences processed
30000000 sequences processed
40000000 sequences processed
This is cutadapt 1.15 with Python 3.6.7
Command line parameters: -f fastq -e 0.1 -q 20 -O 10 -a TGGAATTCTCGG /home/paul/Documents/Data/Marion_tiRNA-paper/C5HW7ACXX//Ang_2_CGATGT_L008_R1_001.fastq.gz
Running on 1 core
Trimming 1 adapter with at most 10.0% errors in single-end mode ...
Finished in 547.77 s (13 us/read; 4.61 M reads/minute).

=== Summary ===

Total reads processed:              42,106,706
Reads with adapters:                34,676,793 (82.4%)
Reads written (passing filters):    42,106,706 (100.0%)

Total basepairs processed: 4,210,670,600 bp
Quality-trimmed:             363,824,325 bp (8.6%)
Total written (filtered):  2,496,516,484 bp (59.3%)

=== Adapter 1 ===

Sequence: TGGAATTCTCGG; Type: regular 3'; Length: 12; Trimmed: 34676793 times.

No. of allowed errors:
0-9 bp: 0; 10-12 bp: 1

Bases preceding removed adapters:
  A: 29.1%
  C: 18.6%
  G: 11.0%
  T: 41.2%
  none/other: 0.1%

Overview of removed sequences
length	count	expect	max.err	error counts
9	684757	160.6	0	0 684757
10	381411	40.2	1	359701 21710
11	637167	10.0	1	608624 28543
12	495307	2.5	1	469951 25356
13	324859	2.5	1	301427 23432
14	217403	2.5	1	202474 14929
15	372854	2.5	1	341854 31000
16	325130	2.5	1	305378 19752
17	359359	2.5	1	343524 15835
18	498961	2.5	1	478923 20038
19	309384	2.5	1	295951 13433
20	340782	2.5	1	322374 18408
21	453309	2.5	1	432454 20855
22	746508	2.5	1	715922 30586
23	1004718	2.5	1	966785 37933
24	946332	2.5	1	917080 29252
25	1898607	2.5	1	1861418 37189
26	2094893	2.5	1	2057803 37090
27	1493413	2.5	1	1465207 28206
28	928249	2.5	1	906840 21409
29	597688	2.5	1	583035 14653
30	196463	2.5	1	190745 5718
31	868931	2.5	1	853766 15165
32	955370	2.5	1	936077 19293
33	979364	2.5	1	958793 20571
34	1296662	2.5	1	1271441 25221
35	706015	2.5	1	693133 12882
36	395510	2.5	1	388079 7431
37	828355	2.5	1	815102 13253
38	1357592	2.5	1	1339841 17751
39	555845	2.5	1	548468 7377
40	176259	2.5	1	173177 3082
41	149727	2.5	1	147093 2634
42	179254	2.5	1	176369 2885
43	105689	2.5	1	103186 2503
44	151904	2.5	1	149120 2784
45	100409	2.5	1	98622 1787
46	100389	2.5	1	98748 1641
47	141209	2.5	1	138973 2236
48	191054	2.5	1	188004 3050
49	138540	2.5	1	136188 2352
50	199391	2.5	1	196383 3008
51	387974	2.5	1	383100 4874
52	404372	2.5	1	399999 4373
53	90083	2.5	1	88706 1377
54	118527	2.5	1	116967 1560
55	173005	2.5	1	170656 2349
56	157135	2.5	1	155381 1754
57	93209	2.5	1	91189 2020
58	263774	2.5	1	261082 2692
59	93198	2.5	1	91651 1547
60	74629	2.5	1	72901 1728
61	158855	2.5	1	155569 3286
62	405048	2.5	1	400501 4547
63	298501	2.5	1	294401 4100
64	212281	2.5	1	209107 3174
65	197364	2.5	1	194486 2878
66	382440	2.5	1	377333 5107
67	336287	2.5	1	331148 5139
68	489341	2.5	1	482913 6428
69	407750	2.5	1	402601 5149
70	333001	2.5	1	328047 4954
71	450584	2.5	1	444485 6099
72	531587	2.5	1	524354 7233
73	743508	2.5	1	736335 7173
74	430525	2.5	1	425721 4804
75	288605	2.5	1	285217 3388
76	556216	2.5	1	550854 5362
77	491309	2.5	1	485943 5366
78	898925	2.5	1	888858 10067
79	122440	2.5	1	120721 1719
80	49077	2.5	1	48488 589
81	39444	2.5	1	39021 423
82	38481	2.5	1	38063 418
83	29798	2.5	1	29440 358
84	15897	2.5	1	15714 183
85	17187	2.5	1	16993 194
86	4779	2.5	1	4702 77
87	2159	2.5	1	2128 31
88	1621	2.5	1	1599 22
89	1147	2.5	1	1129 18
90	613	2.5	1	601 12
91	297	2.5	1	293 4
92	177	2.5	1	172 5
93	406	2.5	1	402 4
94	52	2.5	1	50 2
95	50	2.5	1	49 1
96	31	2.5	1	31
97	23	2.5	1	23
98	19	2.5	1	19
99	3	2.5	1	3
100	36	2.5	1	34 2


RUN STATISTICS FOR INPUT FILE: /home/paul/Documents/Data/Marion_tiRNA-paper/C5HW7ACXX//Ang_2_CGATGT_L008_R1_001.fastq.gz
=============================================
42106706 sequences processed in total
Sequences removed because they became shorter than the length cutoff of 15 bp:	697190 (1.7%)



	===============================================
	Trimming complete. Moving on to FastQC analysis
	===============================================

	
Started analysis of Ang_2_CGATGT_L008_R1_001_trimmed.fq.gz
Approx 5% complete for Ang_2_CGATGT_L008_R1_001_trimmed.fq.gz
Approx 10% complete for Ang_2_CGATGT_L008_R1_001_trimmed.fq.gz
Approx 15% complete for Ang_2_CGATGT_L008_R1_001_trimmed.fq.gz
Approx 20% complete for Ang_2_CGATGT_L008_R1_001_trimmed.fq.gz
Approx 25% complete for Ang_2_CGATGT_L008_R1_001_trimmed.fq.gz
Approx 30% complete for Ang_2_CGATGT_L008_R1_001_trimmed.fq.gz
Approx 35% complete for Ang_2_CGATGT_L008_R1_001_trimmed.fq.gz
Approx 40% complete for Ang_2_CGATGT_L008_R1_001_trimmed.fq.gz
Approx 45% complete for Ang_2_CGATGT_L008_R1_001_trimmed.fq.gz
Approx 50% complete for Ang_2_CGATGT_L008_R1_001_trimmed.fq.gz
Approx 55% complete for Ang_2_CGATGT_L008_R1_001_trimmed.fq.gz
Approx 60% complete for Ang_2_CGATGT_L008_R1_001_trimmed.fq.gz
Approx 65% complete for Ang_2_CGATGT_L008_R1_001_trimmed.fq.gz
Approx 70% complete for Ang_2_CGATGT_L008_R1_001_trimmed.fq.gz
Approx 75% complete for Ang_2_CGATGT_L008_R1_001_trimmed.fq.gz
Approx 80% complete for Ang_2_CGATGT_L008_R1_001_trimmed.fq.gz
Approx 85% complete for Ang_2_CGATGT_L008_R1_001_trimmed.fq.gz
Approx 90% complete for Ang_2_CGATGT_L008_R1_001_trimmed.fq.gz
Approx 95% complete for Ang_2_CGATGT_L008_R1_001_trimmed.fq.gz
Analysis complete for Ang_2_CGATGT_L008_R1_001_trimmed.fq.gz


	===============================================================
	Finished running FastQC. Moving onto alignment to tRNA database
	===============================================================

	


	==============================
	Running tRNA alignment step...
	==============================

	

[2018-12-07 17:09:20] Beginning TopHat run (v2.0.14)
-----------------------------------------------
[2018-12-07 17:09:20] Checking for Bowtie
		  Bowtie version:	 2.3.4.3
[2018-12-07 17:09:20] Checking for Bowtie index files (transcriptome)..
[2018-12-07 17:09:20] Checking for Bowtie index files (genome)..
[2018-12-07 17:09:20] Checking for reference FASTA file
	Warning: Could not find FASTA file DBs/bowtie2_index/hg19-wholetRNA-CCA.fa
[2018-12-07 17:09:20] Reconstituting reference FASTA file from Bowtie index
  Executing: /usr/bin/bowtie2-inspect DBs/bowtie2_index/hg19-wholetRNA-CCA > Results/Ang_2_CGATGT_L008_R1_001.fastq/tRNA-alignment/tmp/hg19-wholetRNA-CCA.fa
[2018-12-07 17:09:20] Generating SAM header for DBs/bowtie2_index/hg19-wholetRNA-CCA
[2018-12-07 17:09:21] Reading known junctions from GTF file
[2018-12-07 17:09:21] Preparing reads
	 left reads: min. length=15, max. length=100, 41402090 kept reads (7426 discarded)
Warning: short reads (<20bp) will make TopHat quite slow and take large amount of memory because they are likely to be mapped in too many places
[2018-12-07 17:15:20] Using pre-built transcriptome data..
[2018-12-07 17:15:21] Mapping left_kept_reads to transcriptome known with Bowtie2 
[2018-12-07 17:23:04] Reporting output tracks
-----------------------------------------------
[2018-12-07 17:28:27] A summary of the alignment counts can be found in Results/Ang_2_CGATGT_L008_R1_001.fastq/tRNA-alignment/align_summary.txt
[2018-12-07 17:28:27] Run complete: 00:19:06 elapsed


	==================================
	Runnng sno/miRNA alignment step...
	==================================

	

[2018-12-07 17:32:52] Beginning TopHat run (v2.0.14)
-----------------------------------------------
[2018-12-07 17:32:52] Checking for Bowtie
		  Bowtie version:	 2.3.4.3
[2018-12-07 17:32:52] Checking for Bowtie index files (transcriptome)..
[2018-12-07 17:32:52] Checking for Bowtie index files (genome)..
[2018-12-07 17:32:52] Checking for reference FASTA file
	Warning: Could not find FASTA file DBs/bowtie2_index/Homo_sapiens.GRCh37.dna.primary_assembly.fa
[2018-12-07 17:32:52] Reconstituting reference FASTA file from Bowtie index
  Executing: /usr/bin/bowtie2-inspect DBs/bowtie2_index/Homo_sapiens.GRCh37.dna.primary_assembly > Results/Ang_2_CGATGT_L008_R1_001.fastq/snomiRNA-alignment//tmp/Homo_sapiens.GRCh37.dna.primary_assembly.fa
[2018-12-07 17:34:46] Generating SAM header for DBs/bowtie2_index/Homo_sapiens.GRCh37.dna.primary_assembly
Traceback (most recent call last):
  File "/home/paul/Documents/Applications/tophat/tophat-2.0.14.Linux_x86_64/tophat", line 4095, in <module>
    sys.exit(main())
  File "/home/paul/Documents/Applications/tophat/tophat-2.0.14.Linux_x86_64/tophat", line 3949, in main
    params.read_params = check_reads_format(params, reads_list)
  File "/home/paul/Documents/Applications/tophat/tophat-2.0.14.Linux_x86_64/tophat", line 1847, in check_reads_format
    freader=FastxReader(zf.file, params.read_params.color, zf.fname)
  File "/home/paul/Documents/Applications/tophat/tophat-2.0.14.Linux_x86_64/tophat", line 1587, in __init__
    while hlines>0 and self.lastline[0] not in "@>" :
IndexError: string index out of range

				snomiRNA alignment output not found. Reads likely did not map to sno/miRNA reference. 
				Using unmapped.fastq file from tRNA alignment output.
				


	====================================
	Running mRNA/ncRNA alignment step...
	====================================

	

[2018-12-07 17:34:48] Beginning TopHat run (v2.0.14)
-----------------------------------------------
[2018-12-07 17:34:48] Checking for Bowtie
		  Bowtie version:	 2.3.4.3
[2018-12-07 17:34:49] Checking for Bowtie index files (transcriptome)..
[2018-12-07 17:34:49] Checking for Bowtie index files (genome)..
[2018-12-07 17:34:49] Checking for reference FASTA file
	Warning: Could not find FASTA file DBs/bowtie2_index/Homo_sapiens.GRCh37.dna.primary_assembly.fa
[2018-12-07 17:34:49] Reconstituting reference FASTA file from Bowtie index
  Executing: /usr/bin/bowtie2-inspect DBs/bowtie2_index/Homo_sapiens.GRCh37.dna.primary_assembly > Results/Ang_2_CGATGT_L008_R1_001.fastq/mRNA-ncRNA-alignment//tmp/Homo_sapiens.GRCh37.dna.primary_assembly.fa
[2018-12-07 17:36:36] Generating SAM header for DBs/bowtie2_index/Homo_sapiens.GRCh37.dna.primary_assembly
Traceback (most recent call last):
  File "/home/paul/Documents/Applications/tophat/tophat-2.0.14.Linux_x86_64/tophat", line 4095, in <module>
    sys.exit(main())
  File "/home/paul/Documents/Applications/tophat/tophat-2.0.14.Linux_x86_64/tophat", line 3949, in main
    params.read_params = check_reads_format(params, reads_list)
  File "/home/paul/Documents/Applications/tophat/tophat-2.0.14.Linux_x86_64/tophat", line 1847, in check_reads_format
    freader=FastxReader(zf.file, params.read_params.color, zf.fname)
  File "/home/paul/Documents/Applications/tophat/tophat-2.0.14.Linux_x86_64/tophat", line 1587, in __init__
    while hlines>0 and self.lastline[0] not in "@>" :
IndexError: string index out of range

				mRNA/ncRNA alignment output not found. Reads likely did not map to mRNA/ncRNA reference. 
				


	=
	
	=

	


	======================================================================
	Alignment steps complete. Moving on to read-counting using HTSeq-count
	======================================================================

	

Counting tRNA alignment reads

657 GFF lines processed.
100000 SAM alignment records processed.
200000 SAM alignment records processed.
300000 SAM alignment records processed.
400000 SAM alignment records processed.
500000 SAM alignment records processed.
600000 SAM alignment records processed.
700000 SAM alignment records processed.
800000 SAM alignment records processed.
900000 SAM alignment records processed.
1000000 SAM alignment records processed.
1100000 SAM alignment records processed.
1200000 SAM alignment records processed.
1300000 SAM alignment records processed.
1400000 SAM alignment records processed.
1500000 SAM alignment records processed.
1558928 SAM alignments  processed.

No alignment file found for sno/miRNA alignment. Using blank count file instead


No alignment file found for mRNA/ncRNA alignment. Using blank count file instead

Ang_3_TTAGGC_L008_R1_001.fastq
Started at Fri Dec  7 17:37:30 GMT 2018


	============================
	Creating directory structure
	============================

	


	================================
	Trimming reads using Trim Galore
	================================

	

	Input: single-end read file
	
No quality encoding type selected. Assuming that the data provided uses Sanger encoded Phred scores (default)

Path to Cutadapt set as: 'cutadapt' (default)
1.15
Cutadapt seems to be working fine (tested command 'cutadapt --version')


AUTO-DETECTING ADAPTER TYPE
===========================
Attempting to auto-detect adapter type from the first 1 million sequences of the first file (>> /home/paul/Documents/Data/Marion_tiRNA-paper/C5HW7ACXX//Ang_3_TTAGGC_L008_R1_001.fastq.gz <<)

Found perfect matches for the following adapter sequences:
Adapter type	Count	Sequence	Sequences analysed	Percentage
smallRNA	954516	TGGAATTCTCGG	1000000	95.45
Illumina	1	AGATCGGAAGAGC	1000000	0.00
Nextera	0	CTGTCTCTTATA	1000000	0.00
Using smallRNA adapter for trimming (count: 954516). Second best hit was Illumina (count: 1)

Writing report to 'Results/Ang_3_TTAGGC_L008_R1_001.fastq/trim_galore_output/Ang_3_TTAGGC_L008_R1_001.fastq.gz_trimming_report.txt'

SUMMARISING RUN PARAMETERS
==========================
Input filename: /home/paul/Documents/Data/Marion_tiRNA-paper/C5HW7ACXX//Ang_3_TTAGGC_L008_R1_001.fastq.gz
Trimming mode: single-end
Trim Galore version: 0.4.4_dev
Cutadapt version: 1.15
Quality Phred score cutoff: 20
Quality encoding type selected: ASCII+33
Adapter sequence: 'TGGAATTCTCGG' (Illumina small RNA adapter; auto-detected)
Maximum trimming error rate: 0.1 (default)
Minimum required adapter overlap (stringency): 10 bp
Minimum required sequence length before a sequence gets removed: 15 bp
Output file(s) will be GZIP compressed

Writing final adapter and quality trimmed output to Ang_3_TTAGGC_L008_R1_001_trimmed.fq.gz


  >>> Now performing quality (cutoff 20) and adapter trimming in a single pass for the adapter sequence: 'TGGAATTCTCGG' from file /home/paul/Documents/Data/Marion_tiRNA-paper/C5HW7ACXX//Ang_3_TTAGGC_L008_R1_001.fastq.gz <<< 
10000000 sequences processed
20000000 sequences processed
This is cutadapt 1.15 with Python 3.6.7
Command line parameters: -f fastq -e 0.1 -q 20 -O 10 -a TGGAATTCTCGG /home/paul/Documents/Data/Marion_tiRNA-paper/C5HW7ACXX//Ang_3_TTAGGC_L008_R1_001.fastq.gz
Running on 1 core
Trimming 1 adapter with at most 10.0% errors in single-end mode ...
Finished in 295.06 s (13 us/read; 4.68 M reads/minute).

=== Summary ===

Total reads processed:              23,001,918
Reads with adapters:                19,567,130 (85.1%)
Reads written (passing filters):    23,001,918 (100.0%)

Total basepairs processed: 2,300,191,800 bp
Quality-trimmed:             197,616,709 bp (8.6%)
Total written (filtered):  1,338,295,754 bp (58.2%)

=== Adapter 1 ===

Sequence: TGGAATTCTCGG; Type: regular 3'; Length: 12; Trimmed: 19567130 times.

No. of allowed errors:
0-9 bp: 0; 10-12 bp: 1

Bases preceding removed adapters:
  A: 29.1%
  C: 17.9%
  G: 11.2%
  T: 41.8%
  none/other: 0.1%

Overview of removed sequences
length	count	expect	max.err	error counts
9	321892	87.7	0	0 321892
10	316452	21.9	1	300657 15795
11	345896	5.5	1	331664 14232
12	271656	1.4	1	259531 12125
13	100855	1.4	1	94685 6170
14	147868	1.4	1	138976 8892
15	212752	1.4	1	197212 15540
16	228042	1.4	1	216234 11808
17	197756	1.4	1	189549 8207
18	290376	1.4	1	279874 10502
19	186842	1.4	1	179109 7733
20	219865	1.4	1	209391 10474
21	245270	1.4	1	235472 9798
22	462624	1.4	1	445261 17363
23	706890	1.4	1	685194 21696
24	507070	1.4	1	492461 14609
25	1029196	1.4	1	1011444 17752
26	1101542	1.4	1	1083846 17696
27	860035	1.4	1	845073 14962
28	500199	1.4	1	489923 10276
29	340786	1.4	1	333540 7246
30	95870	1.4	1	93369 2501
31	524666	1.4	1	516080 8586
32	535011	1.4	1	526011 9000
33	527604	1.4	1	519070 8534
34	592881	1.4	1	583668 9213
35	337542	1.4	1	331507 6035
36	285542	1.4	1	279698 5844
37	564294	1.4	1	555725 8569
38	739652	1.4	1	730627 9025
39	289613	1.4	1	286052 3561
40	108867	1.4	1	107069 1798
41	67203	1.4	1	66097 1106
42	96908	1.4	1	95460 1448
43	48795	1.4	1	47710 1085
44	66159	1.4	1	65025 1134
45	55650	1.4	1	54693 957
46	49738	1.4	1	48947 791
47	72504	1.4	1	71440 1064
48	87926	1.4	1	86502 1424
49	73130	1.4	1	71934 1196
50	107387	1.4	1	105821 1566
51	201805	1.4	1	199279 2526
52	236644	1.4	1	234189 2455
53	50072	1.4	1	49326 746
54	69940	1.4	1	69159 781
55	95760	1.4	1	94522 1238
56	70090	1.4	1	69207 883
57	50014	1.4	1	49044 970
58	133286	1.4	1	131830 1456
59	56495	1.4	1	55557 938
60	48128	1.4	1	47106 1022
61	98975	1.4	1	97205 1770
62	210340	1.4	1	207813 2527
63	193033	1.4	1	190619 2414
64	135194	1.4	1	133381 1813
65	125015	1.4	1	123325 1690
66	209762	1.4	1	207055 2707
67	208611	1.4	1	205810 2801
68	289025	1.4	1	285430 3595
69	273578	1.4	1	270624 2954
70	205795	1.4	1	203037 2758
71	278610	1.4	1	275339 3271
72	320995	1.4	1	317120 3875
73	441729	1.4	1	437870 3859
74	241210	1.4	1	238705 2505
75	153605	1.4	1	151985 1620
76	300245	1.4	1	297562 2683
77	266354	1.4	1	263523 2831
78	495363	1.4	1	490841 4522
79	70994	1.4	1	70059 935
80	27732	1.4	1	27417 315
81	22575	1.4	1	22319 256
82	21855	1.4	1	21652 203
83	16150	1.4	1	15986 164
84	9322	1.4	1	9219 103
85	10924	1.4	1	10825 99
86	3089	1.4	1	3052 37
87	1472	1.4	1	1452 20
88	984	1.4	1	968 16
89	711	1.4	1	703 8
90	321	1.4	1	317 4
91	201	1.4	1	196 5
92	73	1.4	1	72 1
93	163	1.4	1	161 2
94	26	1.4	1	25 1
95	11	1.4	1	11
96	7	1.4	1	7
97	7	1.4	1	7
98	4	1.4	1	4
99	4	1.4	1	4
100	26	1.4	1	25 1


RUN STATISTICS FOR INPUT FILE: /home/paul/Documents/Data/Marion_tiRNA-paper/C5HW7ACXX//Ang_3_TTAGGC_L008_R1_001.fastq.gz
=============================================
23001918 sequences processed in total
Sequences removed because they became shorter than the length cutoff of 15 bp:	446522 (1.9%)



	===============================================
	Trimming complete. Moving on to FastQC analysis
	===============================================

	
Started analysis of Ang_3_TTAGGC_L008_R1_001_trimmed.fq.gz
Approx 5% complete for Ang_3_TTAGGC_L008_R1_001_trimmed.fq.gz
Approx 10% complete for Ang_3_TTAGGC_L008_R1_001_trimmed.fq.gz
Approx 15% complete for Ang_3_TTAGGC_L008_R1_001_trimmed.fq.gz
Approx 20% complete for Ang_3_TTAGGC_L008_R1_001_trimmed.fq.gz
Approx 25% complete for Ang_3_TTAGGC_L008_R1_001_trimmed.fq.gz
Approx 30% complete for Ang_3_TTAGGC_L008_R1_001_trimmed.fq.gz
Approx 35% complete for Ang_3_TTAGGC_L008_R1_001_trimmed.fq.gz
Approx 40% complete for Ang_3_TTAGGC_L008_R1_001_trimmed.fq.gz
Approx 45% complete for Ang_3_TTAGGC_L008_R1_001_trimmed.fq.gz
Approx 50% complete for Ang_3_TTAGGC_L008_R1_001_trimmed.fq.gz
Approx 55% complete for Ang_3_TTAGGC_L008_R1_001_trimmed.fq.gz
Approx 60% complete for Ang_3_TTAGGC_L008_R1_001_trimmed.fq.gz
Approx 65% complete for Ang_3_TTAGGC_L008_R1_001_trimmed.fq.gz
Approx 70% complete for Ang_3_TTAGGC_L008_R1_001_trimmed.fq.gz
Approx 75% complete for Ang_3_TTAGGC_L008_R1_001_trimmed.fq.gz
Approx 80% complete for Ang_3_TTAGGC_L008_R1_001_trimmed.fq.gz
Approx 85% complete for Ang_3_TTAGGC_L008_R1_001_trimmed.fq.gz
Approx 90% complete for Ang_3_TTAGGC_L008_R1_001_trimmed.fq.gz
Approx 95% complete for Ang_3_TTAGGC_L008_R1_001_trimmed.fq.gz
Analysis complete for Ang_3_TTAGGC_L008_R1_001_trimmed.fq.gz


	===============================================================
	Finished running FastQC. Moving onto alignment to tRNA database
	===============================================================

	


	==============================
	Running tRNA alignment step...
	==============================

	

[2018-12-07 17:44:49] Beginning TopHat run (v2.0.14)
-----------------------------------------------
[2018-12-07 17:44:49] Checking for Bowtie
		  Bowtie version:	 2.3.4.3
[2018-12-07 17:44:49] Checking for Bowtie index files (transcriptome)..
[2018-12-07 17:44:49] Checking for Bowtie index files (genome)..
[2018-12-07 17:44:49] Checking for reference FASTA file
	Warning: Could not find FASTA file DBs/bowtie2_index/hg19-wholetRNA-CCA.fa
[2018-12-07 17:44:49] Reconstituting reference FASTA file from Bowtie index
  Executing: /usr/bin/bowtie2-inspect DBs/bowtie2_index/hg19-wholetRNA-CCA > Results/Ang_3_TTAGGC_L008_R1_001.fastq/tRNA-alignment/tmp/hg19-wholetRNA-CCA.fa
[2018-12-07 17:44:49] Generating SAM header for DBs/bowtie2_index/hg19-wholetRNA-CCA
[2018-12-07 17:44:49] Reading known junctions from GTF file
[2018-12-07 17:44:49] Preparing reads
	 left reads: min. length=15, max. length=100, 22551623 kept reads (3773 discarded)
Warning: short reads (<20bp) will make TopHat quite slow and take large amount of memory because they are likely to be mapped in too many places
[2018-12-07 17:48:05] Using pre-built transcriptome data..
[2018-12-07 17:48:05] Mapping left_kept_reads to transcriptome known with Bowtie2 
[2018-12-07 17:52:07] Reporting output tracks
-----------------------------------------------
[2018-12-07 17:55:16] A summary of the alignment counts can be found in Results/Ang_3_TTAGGC_L008_R1_001.fastq/tRNA-alignment/align_summary.txt
[2018-12-07 17:55:16] Run complete: 00:10:27 elapsed


	==================================
	Runnng sno/miRNA alignment step...
	==================================

	

[2018-12-07 17:57:42] Beginning TopHat run (v2.0.14)
-----------------------------------------------
[2018-12-07 17:57:42] Checking for Bowtie
		  Bowtie version:	 2.3.4.3
[2018-12-07 17:57:42] Checking for Bowtie index files (transcriptome)..
[2018-12-07 17:57:42] Checking for Bowtie index files (genome)..
[2018-12-07 17:57:42] Checking for reference FASTA file
	Warning: Could not find FASTA file DBs/bowtie2_index/Homo_sapiens.GRCh37.dna.primary_assembly.fa
[2018-12-07 17:57:42] Reconstituting reference FASTA file from Bowtie index
  Executing: /usr/bin/bowtie2-inspect DBs/bowtie2_index/Homo_sapiens.GRCh37.dna.primary_assembly > Results/Ang_3_TTAGGC_L008_R1_001.fastq/snomiRNA-alignment//tmp/Homo_sapiens.GRCh37.dna.primary_assembly.fa
[2018-12-07 17:59:37] Generating SAM header for DBs/bowtie2_index/Homo_sapiens.GRCh37.dna.primary_assembly
Traceback (most recent call last):
  File "/home/paul/Documents/Applications/tophat/tophat-2.0.14.Linux_x86_64/tophat", line 4095, in <module>
    sys.exit(main())
  File "/home/paul/Documents/Applications/tophat/tophat-2.0.14.Linux_x86_64/tophat", line 3949, in main
    params.read_params = check_reads_format(params, reads_list)
  File "/home/paul/Documents/Applications/tophat/tophat-2.0.14.Linux_x86_64/tophat", line 1847, in check_reads_format
    freader=FastxReader(zf.file, params.read_params.color, zf.fname)
  File "/home/paul/Documents/Applications/tophat/tophat-2.0.14.Linux_x86_64/tophat", line 1587, in __init__
    while hlines>0 and self.lastline[0] not in "@>" :
IndexError: string index out of range

				snomiRNA alignment output not found. Reads likely did not map to sno/miRNA reference. 
				Using unmapped.fastq file from tRNA alignment output.
				


	====================================
	Running mRNA/ncRNA alignment step...
	====================================

	

[2018-12-07 17:59:39] Beginning TopHat run (v2.0.14)
-----------------------------------------------
[2018-12-07 17:59:39] Checking for Bowtie
		  Bowtie version:	 2.3.4.3
[2018-12-07 17:59:39] Checking for Bowtie index files (transcriptome)..
[2018-12-07 17:59:39] Checking for Bowtie index files (genome)..
[2018-12-07 17:59:39] Checking for reference FASTA file
	Warning: Could not find FASTA file DBs/bowtie2_index/Homo_sapiens.GRCh37.dna.primary_assembly.fa
[2018-12-07 17:59:39] Reconstituting reference FASTA file from Bowtie index
  Executing: /usr/bin/bowtie2-inspect DBs/bowtie2_index/Homo_sapiens.GRCh37.dna.primary_assembly > Results/Ang_3_TTAGGC_L008_R1_001.fastq/mRNA-ncRNA-alignment//tmp/Homo_sapiens.GRCh37.dna.primary_assembly.fa
[2018-12-07 18:01:29] Generating SAM header for DBs/bowtie2_index/Homo_sapiens.GRCh37.dna.primary_assembly
Traceback (most recent call last):
  File "/home/paul/Documents/Applications/tophat/tophat-2.0.14.Linux_x86_64/tophat", line 4095, in <module>
    sys.exit(main())
  File "/home/paul/Documents/Applications/tophat/tophat-2.0.14.Linux_x86_64/tophat", line 3949, in main
    params.read_params = check_reads_format(params, reads_list)
  File "/home/paul/Documents/Applications/tophat/tophat-2.0.14.Linux_x86_64/tophat", line 1847, in check_reads_format
    freader=FastxReader(zf.file, params.read_params.color, zf.fname)
  File "/home/paul/Documents/Applications/tophat/tophat-2.0.14.Linux_x86_64/tophat", line 1587, in __init__
    while hlines>0 and self.lastline[0] not in "@>" :
IndexError: string index out of range

				mRNA/ncRNA alignment output not found. Reads likely did not map to mRNA/ncRNA reference. 
				


	=
	
	=

	


	======================================================================
	Alignment steps complete. Moving on to read-counting using HTSeq-count
	======================================================================

	

Counting tRNA alignment reads

657 GFF lines processed.
100000 SAM alignment records processed.
200000 SAM alignment records processed.
300000 SAM alignment records processed.
400000 SAM alignment records processed.
500000 SAM alignment records processed.
600000 SAM alignment records processed.
700000 SAM alignment records processed.
800000 SAM alignment records processed.
900000 SAM alignment records processed.
912459 SAM alignments  processed.

No alignment file found for sno/miRNA alignment. Using blank count file instead


No alignment file found for mRNA/ncRNA alignment. Using blank count file instead

BSA_1_TGACCA_L008_R1_001.fastq
Started at Fri Dec  7 18:02:01 GMT 2018


	============================
	Creating directory structure
	============================

	


	================================
	Trimming reads using Trim Galore
	================================

	

	Input: single-end read file
	
No quality encoding type selected. Assuming that the data provided uses Sanger encoded Phred scores (default)

Path to Cutadapt set as: 'cutadapt' (default)
1.15
Cutadapt seems to be working fine (tested command 'cutadapt --version')


AUTO-DETECTING ADAPTER TYPE
===========================
Attempting to auto-detect adapter type from the first 1 million sequences of the first file (>> /home/paul/Documents/Data/Marion_tiRNA-paper/C5HW7ACXX//BSA_1_TGACCA_L008_R1_001.fastq.gz <<)

Found perfect matches for the following adapter sequences:
Adapter type	Count	Sequence	Sequences analysed	Percentage
smallRNA	950919	TGGAATTCTCGG	1000000	95.09
Illumina	3	AGATCGGAAGAGC	1000000	0.00
Nextera	0	CTGTCTCTTATA	1000000	0.00
Using smallRNA adapter for trimming (count: 950919). Second best hit was Illumina (count: 3)

Writing report to 'Results/BSA_1_TGACCA_L008_R1_001.fastq/trim_galore_output/BSA_1_TGACCA_L008_R1_001.fastq.gz_trimming_report.txt'

SUMMARISING RUN PARAMETERS
==========================
Input filename: /home/paul/Documents/Data/Marion_tiRNA-paper/C5HW7ACXX//BSA_1_TGACCA_L008_R1_001.fastq.gz
Trimming mode: single-end
Trim Galore version: 0.4.4_dev
Cutadapt version: 1.15
Quality Phred score cutoff: 20
Quality encoding type selected: ASCII+33
Adapter sequence: 'TGGAATTCTCGG' (Illumina small RNA adapter; auto-detected)
Maximum trimming error rate: 0.1 (default)
Minimum required adapter overlap (stringency): 10 bp
Minimum required sequence length before a sequence gets removed: 15 bp
Output file(s) will be GZIP compressed

Writing final adapter and quality trimmed output to BSA_1_TGACCA_L008_R1_001_trimmed.fq.gz


  >>> Now performing quality (cutoff 20) and adapter trimming in a single pass for the adapter sequence: 'TGGAATTCTCGG' from file /home/paul/Documents/Data/Marion_tiRNA-paper/C5HW7ACXX//BSA_1_TGACCA_L008_R1_001.fastq.gz <<< 
10000000 sequences processed
20000000 sequences processed
This is cutadapt 1.15 with Python 3.6.7
Command line parameters: -f fastq -e 0.1 -q 20 -O 10 -a TGGAATTCTCGG /home/paul/Documents/Data/Marion_tiRNA-paper/C5HW7ACXX//BSA_1_TGACCA_L008_R1_001.fastq.gz
Running on 1 core
Trimming 1 adapter with at most 10.0% errors in single-end mode ...
Finished in 323.40 s (12 us/read; 4.89 M reads/minute).

=== Summary ===

Total reads processed:              26,344,879
Reads with adapters:                22,393,245 (85.0%)
Reads written (passing filters):    26,344,879 (100.0%)

Total basepairs processed: 2,634,487,900 bp
Quality-trimmed:             244,684,090 bp (9.3%)
Total written (filtered):  1,491,575,128 bp (56.6%)

=== Adapter 1 ===

Sequence: TGGAATTCTCGG; Type: regular 3'; Length: 12; Trimmed: 22393245 times.

No. of allowed errors:
0-9 bp: 0; 10-12 bp: 1

Bases preceding removed adapters:
  A: 29.6%
  C: 17.6%
  G: 12.9%
  T: 39.8%
  none/other: 0.1%

Overview of removed sequences
length	count	expect	max.err	error counts
9	383242	100.5	0	0 383242
10	342230	25.1	1	325091 17139
11	383471	6.3	1	367898 15573
12	302444	1.6	1	289104 13340
13	152224	1.6	1	143236 8988
14	126686	1.6	1	119102 7584
15	187507	1.6	1	174574 12933
16	234446	1.6	1	222086 12360
17	264340	1.6	1	252625 11715
18	362321	1.6	1	348218 14103
19	210854	1.6	1	201834 9020
20	239328	1.6	1	227722 11606
21	279818	1.6	1	268790 11028
22	440814	1.6	1	425130 15684
23	527266	1.6	1	509304 17962
24	701894	1.6	1	682605 19289
25	1173734	1.6	1	1152279 21455
26	1379716	1.6	1	1357203 22513
27	950694	1.6	1	933927 16767
28	519737	1.6	1	509016 10721
29	385953	1.6	1	378548 7405
30	95293	1.6	1	92629 2664
31	638961	1.6	1	628610 10351
32	574114	1.6	1	563964 10150
33	566294	1.6	1	556809 9485
34	654922	1.6	1	644458 10464
35	323008	1.6	1	317647 5361
36	169602	1.6	1	165918 3684
37	650313	1.6	1	640172 10141
38	894386	1.6	1	881188 13198
39	477152	1.6	1	469817 7335
40	175187	1.6	1	171970 3217
41	84966	1.6	1	83321 1645
42	127857	1.6	1	125740 2117
43	47316	1.6	1	46156 1160
44	96364	1.6	1	94715 1649
45	57115	1.6	1	56188 927
46	39525	1.6	1	38865 660
47	67268	1.6	1	66240 1028
48	74483	1.6	1	73260 1223
49	50076	1.6	1	49172 904
50	90420	1.6	1	88986 1434
51	204679	1.6	1	201971 2708
52	206929	1.6	1	204592 2337
53	43005	1.6	1	42224 781
54	61981	1.6	1	61117 864
55	86466	1.6	1	85333 1133
56	73447	1.6	1	72462 985
57	58916	1.6	1	57752 1164
58	141270	1.6	1	139566 1704
59	52191	1.6	1	51237 954
60	53829	1.6	1	52687 1142
61	111866	1.6	1	109780 2086
62	245182	1.6	1	241972 3210
63	208971	1.6	1	205969 3002
64	144913	1.6	1	142804 2109
65	148458	1.6	1	146234 2224
66	226385	1.6	1	223109 3276
67	263828	1.6	1	260060 3768
68	454588	1.6	1	448954 5634
69	330136	1.6	1	326049 4087
70	280983	1.6	1	276937 4046
71	371454	1.6	1	366638 4816
72	430312	1.6	1	424752 5560
73	562795	1.6	1	557247 5548
74	313632	1.6	1	309958 3674
75	198605	1.6	1	196355 2250
76	397073	1.6	1	393098 3975
77	338541	1.6	1	334667 3874
78	622449	1.6	1	616043 6406
79	90959	1.6	1	89704 1255
80	37067	1.6	1	36567 500
81	28821	1.6	1	28498 323
82	28257	1.6	1	27953 304
83	21600	1.6	1	21339 261
84	13810	1.6	1	13626 184
85	16922	1.6	1	16744 178
86	5740	1.6	1	5672 68
87	3162	1.6	1	3128 34
88	2922	1.6	1	2888 34
89	2547	1.6	1	2512 35
90	1692	1.6	1	1674 18
91	1094	1.6	1	1079 15
92	681	1.6	1	670 11
93	1429	1.6	1	1409 20
94	137	1.6	1	135 2
95	75	1.6	1	75
96	22	1.6	1	20 2
97	13	1.6	1	13
98	23	1.6	1	23
99	7	1.6	1	6 1
100	40	1.6	1	38 2


RUN STATISTICS FOR INPUT FILE: /home/paul/Documents/Data/Marion_tiRNA-paper/C5HW7ACXX//BSA_1_TGACCA_L008_R1_001.fastq.gz
=============================================
26344879 sequences processed in total
Sequences removed because they became shorter than the length cutoff of 15 bp:	1467731 (5.6%)



	===============================================
	Trimming complete. Moving on to FastQC analysis
	===============================================

	
Started analysis of BSA_1_TGACCA_L008_R1_001_trimmed.fq.gz
Approx 5% complete for BSA_1_TGACCA_L008_R1_001_trimmed.fq.gz
Approx 10% complete for BSA_1_TGACCA_L008_R1_001_trimmed.fq.gz
Approx 15% complete for BSA_1_TGACCA_L008_R1_001_trimmed.fq.gz
Approx 20% complete for BSA_1_TGACCA_L008_R1_001_trimmed.fq.gz
Approx 25% complete for BSA_1_TGACCA_L008_R1_001_trimmed.fq.gz
Approx 30% complete for BSA_1_TGACCA_L008_R1_001_trimmed.fq.gz
Approx 35% complete for BSA_1_TGACCA_L008_R1_001_trimmed.fq.gz
Approx 40% complete for BSA_1_TGACCA_L008_R1_001_trimmed.fq.gz
Approx 45% complete for BSA_1_TGACCA_L008_R1_001_trimmed.fq.gz
Approx 50% complete for BSA_1_TGACCA_L008_R1_001_trimmed.fq.gz
Approx 55% complete for BSA_1_TGACCA_L008_R1_001_trimmed.fq.gz
Approx 60% complete for BSA_1_TGACCA_L008_R1_001_trimmed.fq.gz
Approx 65% complete for BSA_1_TGACCA_L008_R1_001_trimmed.fq.gz
Approx 70% complete for BSA_1_TGACCA_L008_R1_001_trimmed.fq.gz
Approx 75% complete for BSA_1_TGACCA_L008_R1_001_trimmed.fq.gz
Approx 80% complete for BSA_1_TGACCA_L008_R1_001_trimmed.fq.gz
Approx 85% complete for BSA_1_TGACCA_L008_R1_001_trimmed.fq.gz
Approx 90% complete for BSA_1_TGACCA_L008_R1_001_trimmed.fq.gz
Approx 95% complete for BSA_1_TGACCA_L008_R1_001_trimmed.fq.gz
Analysis complete for BSA_1_TGACCA_L008_R1_001_trimmed.fq.gz


	===============================================================
	Finished running FastQC. Moving onto alignment to tRNA database
	===============================================================

	


	==============================
	Running tRNA alignment step...
	==============================

	

[2018-12-07 18:09:57] Beginning TopHat run (v2.0.14)
-----------------------------------------------
[2018-12-07 18:09:57] Checking for Bowtie
		  Bowtie version:	 2.3.4.3
[2018-12-07 18:09:57] Checking for Bowtie index files (transcriptome)..
[2018-12-07 18:09:57] Checking for Bowtie index files (genome)..
[2018-12-07 18:09:57] Checking for reference FASTA file
	Warning: Could not find FASTA file DBs/bowtie2_index/hg19-wholetRNA-CCA.fa
[2018-12-07 18:09:57] Reconstituting reference FASTA file from Bowtie index
  Executing: /usr/bin/bowtie2-inspect DBs/bowtie2_index/hg19-wholetRNA-CCA > Results/BSA_1_TGACCA_L008_R1_001.fastq/tRNA-alignment/tmp/hg19-wholetRNA-CCA.fa
[2018-12-07 18:09:57] Generating SAM header for DBs/bowtie2_index/hg19-wholetRNA-CCA
[2018-12-07 18:09:57] Reading known junctions from GTF file
[2018-12-07 18:09:57] Preparing reads
	 left reads: min. length=15, max. length=100, 24872698 kept reads (4450 discarded)
Warning: short reads (<20bp) will make TopHat quite slow and take large amount of memory because they are likely to be mapped in too many places
[2018-12-07 18:13:27] Using pre-built transcriptome data..
[2018-12-07 18:13:27] Mapping left_kept_reads to transcriptome known with Bowtie2 
[2018-12-07 18:17:56] Reporting output tracks
-----------------------------------------------
[2018-12-07 18:21:19] A summary of the alignment counts can be found in Results/BSA_1_TGACCA_L008_R1_001.fastq/tRNA-alignment/align_summary.txt
[2018-12-07 18:21:19] Run complete: 00:11:22 elapsed


	==================================
	Runnng sno/miRNA alignment step...
	==================================

	

[2018-12-07 18:23:56] Beginning TopHat run (v2.0.14)
-----------------------------------------------
[2018-12-07 18:23:56] Checking for Bowtie
		  Bowtie version:	 2.3.4.3
[2018-12-07 18:23:56] Checking for Bowtie index files (transcriptome)..
[2018-12-07 18:23:56] Checking for Bowtie index files (genome)..
[2018-12-07 18:23:56] Checking for reference FASTA file
	Warning: Could not find FASTA file DBs/bowtie2_index/Homo_sapiens.GRCh37.dna.primary_assembly.fa
[2018-12-07 18:23:56] Reconstituting reference FASTA file from Bowtie index
  Executing: /usr/bin/bowtie2-inspect DBs/bowtie2_index/Homo_sapiens.GRCh37.dna.primary_assembly > Results/BSA_1_TGACCA_L008_R1_001.fastq/snomiRNA-alignment//tmp/Homo_sapiens.GRCh37.dna.primary_assembly.fa
[2018-12-07 18:25:46] Generating SAM header for DBs/bowtie2_index/Homo_sapiens.GRCh37.dna.primary_assembly
Traceback (most recent call last):
  File "/home/paul/Documents/Applications/tophat/tophat-2.0.14.Linux_x86_64/tophat", line 4095, in <module>
    sys.exit(main())
  File "/home/paul/Documents/Applications/tophat/tophat-2.0.14.Linux_x86_64/tophat", line 3949, in main
    params.read_params = check_reads_format(params, reads_list)
  File "/home/paul/Documents/Applications/tophat/tophat-2.0.14.Linux_x86_64/tophat", line 1847, in check_reads_format
    freader=FastxReader(zf.file, params.read_params.color, zf.fname)
  File "/home/paul/Documents/Applications/tophat/tophat-2.0.14.Linux_x86_64/tophat", line 1587, in __init__
    while hlines>0 and self.lastline[0] not in "@>" :
IndexError: string index out of range

				snomiRNA alignment output not found. Reads likely did not map to sno/miRNA reference. 
				Using unmapped.fastq file from tRNA alignment output.
				


	====================================
	Running mRNA/ncRNA alignment step...
	====================================

	

[2018-12-07 18:25:48] Beginning TopHat run (v2.0.14)
-----------------------------------------------
[2018-12-07 18:25:48] Checking for Bowtie
		  Bowtie version:	 2.3.4.3
[2018-12-07 18:25:48] Checking for Bowtie index files (transcriptome)..
[2018-12-07 18:25:48] Checking for Bowtie index files (genome)..
[2018-12-07 18:25:48] Checking for reference FASTA file
	Warning: Could not find FASTA file DBs/bowtie2_index/Homo_sapiens.GRCh37.dna.primary_assembly.fa
[2018-12-07 18:25:48] Reconstituting reference FASTA file from Bowtie index
  Executing: /usr/bin/bowtie2-inspect DBs/bowtie2_index/Homo_sapiens.GRCh37.dna.primary_assembly > Results/BSA_1_TGACCA_L008_R1_001.fastq/mRNA-ncRNA-alignment//tmp/Homo_sapiens.GRCh37.dna.primary_assembly.fa
[2018-12-07 18:27:35] Generating SAM header for DBs/bowtie2_index/Homo_sapiens.GRCh37.dna.primary_assembly
Traceback (most recent call last):
  File "/home/paul/Documents/Applications/tophat/tophat-2.0.14.Linux_x86_64/tophat", line 4095, in <module>
    sys.exit(main())
  File "/home/paul/Documents/Applications/tophat/tophat-2.0.14.Linux_x86_64/tophat", line 3949, in main
    params.read_params = check_reads_format(params, reads_list)
  File "/home/paul/Documents/Applications/tophat/tophat-2.0.14.Linux_x86_64/tophat", line 1847, in check_reads_format
    freader=FastxReader(zf.file, params.read_params.color, zf.fname)
  File "/home/paul/Documents/Applications/tophat/tophat-2.0.14.Linux_x86_64/tophat", line 1587, in __init__
    while hlines>0 and self.lastline[0] not in "@>" :
IndexError: string index out of range

				mRNA/ncRNA alignment output not found. Reads likely did not map to mRNA/ncRNA reference. 
				


	=
	
	=

	


	======================================================================
	Alignment steps complete. Moving on to read-counting using HTSeq-count
	======================================================================

	

Counting tRNA alignment reads

657 GFF lines processed.
100000 SAM alignment records processed.
200000 SAM alignment records processed.
300000 SAM alignment records processed.
400000 SAM alignment records processed.
500000 SAM alignment records processed.
600000 SAM alignment records processed.
700000 SAM alignment records processed.
800000 SAM alignment records processed.
855000 SAM alignments  processed.

No alignment file found for sno/miRNA alignment. Using blank count file instead


No alignment file found for mRNA/ncRNA alignment. Using blank count file instead

BSA_2_GCCAAT_L008_R1_001.fastq
Started at Fri Dec  7 18:28:06 GMT 2018


	============================
	Creating directory structure
	============================

	


	================================
	Trimming reads using Trim Galore
	================================

	

	Input: single-end read file
	
No quality encoding type selected. Assuming that the data provided uses Sanger encoded Phred scores (default)

Path to Cutadapt set as: 'cutadapt' (default)
1.15
Cutadapt seems to be working fine (tested command 'cutadapt --version')


AUTO-DETECTING ADAPTER TYPE
===========================
Attempting to auto-detect adapter type from the first 1 million sequences of the first file (>> /home/paul/Documents/Data/Marion_tiRNA-paper/C5HW7ACXX//BSA_2_GCCAAT_L008_R1_001.fastq.gz <<)

Found perfect matches for the following adapter sequences:
Adapter type	Count	Sequence	Sequences analysed	Percentage
smallRNA	969393	TGGAATTCTCGG	1000000	96.94
Illumina	5	AGATCGGAAGAGC	1000000	0.00
Nextera	0	CTGTCTCTTATA	1000000	0.00
Using smallRNA adapter for trimming (count: 969393). Second best hit was Illumina (count: 5)

Writing report to 'Results/BSA_2_GCCAAT_L008_R1_001.fastq/trim_galore_output/BSA_2_GCCAAT_L008_R1_001.fastq.gz_trimming_report.txt'

SUMMARISING RUN PARAMETERS
==========================
Input filename: /home/paul/Documents/Data/Marion_tiRNA-paper/C5HW7ACXX//BSA_2_GCCAAT_L008_R1_001.fastq.gz
Trimming mode: single-end
Trim Galore version: 0.4.4_dev
Cutadapt version: 1.15
Quality Phred score cutoff: 20
Quality encoding type selected: ASCII+33
Adapter sequence: 'TGGAATTCTCGG' (Illumina small RNA adapter; auto-detected)
Maximum trimming error rate: 0.1 (default)
Minimum required adapter overlap (stringency): 10 bp
Minimum required sequence length before a sequence gets removed: 15 bp
Output file(s) will be GZIP compressed

Writing final adapter and quality trimmed output to BSA_2_GCCAAT_L008_R1_001_trimmed.fq.gz


  >>> Now performing quality (cutoff 20) and adapter trimming in a single pass for the adapter sequence: 'TGGAATTCTCGG' from file /home/paul/Documents/Data/Marion_tiRNA-paper/C5HW7ACXX//BSA_2_GCCAAT_L008_R1_001.fastq.gz <<< 
10000000 sequences processed
20000000 sequences processed
This is cutadapt 1.15 with Python 3.6.7
Command line parameters: -f fastq -e 0.1 -q 20 -O 10 -a TGGAATTCTCGG /home/paul/Documents/Data/Marion_tiRNA-paper/C5HW7ACXX//BSA_2_GCCAAT_L008_R1_001.fastq.gz
Running on 1 core
Trimming 1 adapter with at most 10.0% errors in single-end mode ...
Finished in 297.04 s (13 us/read; 4.74 M reads/minute).

=== Summary ===

Total reads processed:              23,486,021
Reads with adapters:                19,991,165 (85.1%)
Reads written (passing filters):    23,486,021 (100.0%)

Total basepairs processed: 2,348,602,100 bp
Quality-trimmed:             213,121,673 bp (9.1%)
Total written (filtered):  1,333,970,417 bp (56.8%)

=== Adapter 1 ===

Sequence: TGGAATTCTCGG; Type: regular 3'; Length: 12; Trimmed: 19991165 times.

No. of allowed errors:
0-9 bp: 0; 10-12 bp: 1

Bases preceding removed adapters:
  A: 30.5%
  C: 17.4%
  G: 11.6%
  T: 39.9%
  none/other: 0.6%

Overview of removed sequences
length	count	expect	max.err	error counts
9	284886	89.6	0	0 284886
10	187918	22.4	1	177050 10868
11	238374	5.6	1	226854 11520
12	213098	1.4	1	202050 11048
13	134978	1.4	1	124967 10011
14	98003	1.4	1	91196 6807
15	163472	1.4	1	148906 14566
16	161710	1.4	1	151450 10260
17	178666	1.4	1	169138 9528
18	260802	1.4	1	249194 11608
19	173618	1.4	1	165116 8502
20	219794	1.4	1	207258 12536
21	240621	1.4	1	228570 12051
22	467947	1.4	1	446754 21193
23	813873	1.4	1	783822 30051
24	631637	1.4	1	611242 20395
25	1168625	1.4	1	1146451 22174
26	1108355	1.4	1	1089761 18594
27	810376	1.4	1	795505 14871
28	551669	1.4	1	539221 12448
29	403559	1.4	1	394933 8626
30	147387	1.4	1	143625 3762
31	589728	1.4	1	579859 9869
32	532980	1.4	1	522912 10068
33	586158	1.4	1	576040 10118
34	479801	1.4	1	471921 7880
35	406045	1.4	1	398626 7419
36	290619	1.4	1	284549 6070
37	596693	1.4	1	586751 9942
38	883492	1.4	1	870780 12712
39	354102	1.4	1	349170 4932
40	125615	1.4	1	123232 2383
41	76034	1.4	1	74561 1473
42	95422	1.4	1	93780 1642
43	41679	1.4	1	40661 1018
44	66763	1.4	1	65514 1249
45	41541	1.4	1	40768 773
46	38390	1.4	1	37775 615
47	62660	1.4	1	61695 965
48	66140	1.4	1	64998 1142
49	41741	1.4	1	40846 895
50	65256	1.4	1	64068 1188
51	128830	1.4	1	126931 1899
52	122896	1.4	1	121347 1549
53	31565	1.4	1	30965 600
54	38813	1.4	1	38230 583
55	63003	1.4	1	62066 937
56	66525	1.4	1	65603 922
57	50835	1.4	1	49765 1070
58	126151	1.4	1	124651 1500
59	45428	1.4	1	44601 827
60	42587	1.4	1	41582 1005
61	94289	1.4	1	92392 1897
62	211981	1.4	1	209083 2898
63	183230	1.4	1	180454 2776
64	129908	1.4	1	127873 2035
65	125588	1.4	1	123638 1950
66	187177	1.4	1	184400 2777
67	208199	1.4	1	204736 3463
68	336677	1.4	1	332028 4649
69	284800	1.4	1	280961 3839
70	235796	1.4	1	232184 3612
71	318304	1.4	1	313982 4322
72	368940	1.4	1	364005 4935
73	494140	1.4	1	488967 5173
74	279693	1.4	1	276461 3232
75	180842	1.4	1	178813 2029
76	370790	1.4	1	367223 3567
77	325576	1.4	1	321874 3702
78	604203	1.4	1	597459 6744
79	87016	1.4	1	85589 1427
80	34251	1.4	1	33812 439
81	24007	1.4	1	23754 253
82	29620	1.4	1	29324 296
83	26712	1.4	1	26380 332
84	10225	1.4	1	10082 143
85	10062	1.4	1	9953 109
86	4080	1.4	1	4026 54
87	2402	1.4	1	2373 29
88	1747	1.4	1	1726 21
89	1528	1.4	1	1505 23
90	867	1.4	1	853 14
91	479	1.4	1	468 11
92	241	1.4	1	237 4
93	522	1.4	1	514 8
94	47	1.4	1	45 2
95	41	1.4	1	39 2
96	33	1.4	1	32 1
97	25	1.4	1	24 1
98	21	1.4	1	21
99	28	1.4	1	28
100	218	1.4	1	210 8


RUN STATISTICS FOR INPUT FILE: /home/paul/Documents/Data/Marion_tiRNA-paper/C5HW7ACXX//BSA_2_GCCAAT_L008_R1_001.fastq.gz
=============================================
23486021 sequences processed in total
Sequences removed because they became shorter than the length cutoff of 15 bp:	792868 (3.4%)



	===============================================
	Trimming complete. Moving on to FastQC analysis
	===============================================

	
Started analysis of BSA_2_GCCAAT_L008_R1_001_trimmed.fq.gz
Approx 5% complete for BSA_2_GCCAAT_L008_R1_001_trimmed.fq.gz
Approx 10% complete for BSA_2_GCCAAT_L008_R1_001_trimmed.fq.gz
Approx 15% complete for BSA_2_GCCAAT_L008_R1_001_trimmed.fq.gz
Approx 20% complete for BSA_2_GCCAAT_L008_R1_001_trimmed.fq.gz
Approx 25% complete for BSA_2_GCCAAT_L008_R1_001_trimmed.fq.gz
Approx 30% complete for BSA_2_GCCAAT_L008_R1_001_trimmed.fq.gz
Approx 35% complete for BSA_2_GCCAAT_L008_R1_001_trimmed.fq.gz
Approx 40% complete for BSA_2_GCCAAT_L008_R1_001_trimmed.fq.gz
Approx 45% complete for BSA_2_GCCAAT_L008_R1_001_trimmed.fq.gz
Approx 50% complete for BSA_2_GCCAAT_L008_R1_001_trimmed.fq.gz
Approx 55% complete for BSA_2_GCCAAT_L008_R1_001_trimmed.fq.gz
Approx 60% complete for BSA_2_GCCAAT_L008_R1_001_trimmed.fq.gz
Approx 65% complete for BSA_2_GCCAAT_L008_R1_001_trimmed.fq.gz
Approx 70% complete for BSA_2_GCCAAT_L008_R1_001_trimmed.fq.gz
Approx 75% complete for BSA_2_GCCAAT_L008_R1_001_trimmed.fq.gz
Approx 80% complete for BSA_2_GCCAAT_L008_R1_001_trimmed.fq.gz
Approx 85% complete for BSA_2_GCCAAT_L008_R1_001_trimmed.fq.gz
Approx 90% complete for BSA_2_GCCAAT_L008_R1_001_trimmed.fq.gz
Approx 95% complete for BSA_2_GCCAAT_L008_R1_001_trimmed.fq.gz
Analysis complete for BSA_2_GCCAAT_L008_R1_001_trimmed.fq.gz


	===============================================================
	Finished running FastQC. Moving onto alignment to tRNA database
	===============================================================

	


	==============================
	Running tRNA alignment step...
	==============================

	

[2018-12-07 18:35:21] Beginning TopHat run (v2.0.14)
-----------------------------------------------
[2018-12-07 18:35:21] Checking for Bowtie
		  Bowtie version:	 2.3.4.3
[2018-12-07 18:35:21] Checking for Bowtie index files (transcriptome)..
[2018-12-07 18:35:21] Checking for Bowtie index files (genome)..
[2018-12-07 18:35:21] Checking for reference FASTA file
	Warning: Could not find FASTA file DBs/bowtie2_index/hg19-wholetRNA-CCA.fa
[2018-12-07 18:35:21] Reconstituting reference FASTA file from Bowtie index
  Executing: /usr/bin/bowtie2-inspect DBs/bowtie2_index/hg19-wholetRNA-CCA > Results/BSA_2_GCCAAT_L008_R1_001.fastq/tRNA-alignment/tmp/hg19-wholetRNA-CCA.fa
[2018-12-07 18:35:21] Generating SAM header for DBs/bowtie2_index/hg19-wholetRNA-CCA
[2018-12-07 18:35:21] Reading known junctions from GTF file
[2018-12-07 18:35:21] Preparing reads
	 left reads: min. length=15, max. length=100, 22689444 kept reads (3709 discarded)
Warning: short reads (<20bp) will make TopHat quite slow and take large amount of memory because they are likely to be mapped in too many places
[2018-12-07 18:38:30] Using pre-built transcriptome data..
[2018-12-07 18:38:30] Mapping left_kept_reads to transcriptome known with Bowtie2 
[2018-12-07 18:42:48] Reporting output tracks
-----------------------------------------------
[2018-12-07 18:45:56] A summary of the alignment counts can be found in Results/BSA_2_GCCAAT_L008_R1_001.fastq/tRNA-alignment/align_summary.txt
[2018-12-07 18:45:56] Run complete: 00:10:35 elapsed


	==================================
	Runnng sno/miRNA alignment step...
	==================================

	

[2018-12-07 18:48:21] Beginning TopHat run (v2.0.14)
-----------------------------------------------
[2018-12-07 18:48:21] Checking for Bowtie
		  Bowtie version:	 2.3.4.3
[2018-12-07 18:48:21] Checking for Bowtie index files (transcriptome)..
[2018-12-07 18:48:21] Checking for Bowtie index files (genome)..
[2018-12-07 18:48:21] Checking for reference FASTA file
	Warning: Could not find FASTA file DBs/bowtie2_index/Homo_sapiens.GRCh37.dna.primary_assembly.fa
[2018-12-07 18:48:21] Reconstituting reference FASTA file from Bowtie index
  Executing: /usr/bin/bowtie2-inspect DBs/bowtie2_index/Homo_sapiens.GRCh37.dna.primary_assembly > Results/BSA_2_GCCAAT_L008_R1_001.fastq/snomiRNA-alignment//tmp/Homo_sapiens.GRCh37.dna.primary_assembly.fa
[2018-12-07 18:50:11] Generating SAM header for DBs/bowtie2_index/Homo_sapiens.GRCh37.dna.primary_assembly
Traceback (most recent call last):
  File "/home/paul/Documents/Applications/tophat/tophat-2.0.14.Linux_x86_64/tophat", line 4095, in <module>
    sys.exit(main())
  File "/home/paul/Documents/Applications/tophat/tophat-2.0.14.Linux_x86_64/tophat", line 3949, in main
    params.read_params = check_reads_format(params, reads_list)
  File "/home/paul/Documents/Applications/tophat/tophat-2.0.14.Linux_x86_64/tophat", line 1847, in check_reads_format
    freader=FastxReader(zf.file, params.read_params.color, zf.fname)
  File "/home/paul/Documents/Applications/tophat/tophat-2.0.14.Linux_x86_64/tophat", line 1587, in __init__
    while hlines>0 and self.lastline[0] not in "@>" :
IndexError: string index out of range

				snomiRNA alignment output not found. Reads likely did not map to sno/miRNA reference. 
				Using unmapped.fastq file from tRNA alignment output.
				


	====================================
	Running mRNA/ncRNA alignment step...
	====================================

	

[2018-12-07 18:50:14] Beginning TopHat run (v2.0.14)
-----------------------------------------------
[2018-12-07 18:50:14] Checking for Bowtie
		  Bowtie version:	 2.3.4.3
[2018-12-07 18:50:14] Checking for Bowtie index files (transcriptome)..
[2018-12-07 18:50:14] Checking for Bowtie index files (genome)..
[2018-12-07 18:50:14] Checking for reference FASTA file
	Warning: Could not find FASTA file DBs/bowtie2_index/Homo_sapiens.GRCh37.dna.primary_assembly.fa
[2018-12-07 18:50:14] Reconstituting reference FASTA file from Bowtie index
  Executing: /usr/bin/bowtie2-inspect DBs/bowtie2_index/Homo_sapiens.GRCh37.dna.primary_assembly > Results/BSA_2_GCCAAT_L008_R1_001.fastq/mRNA-ncRNA-alignment//tmp/Homo_sapiens.GRCh37.dna.primary_assembly.fa
[2018-12-07 18:52:00] Generating SAM header for DBs/bowtie2_index/Homo_sapiens.GRCh37.dna.primary_assembly
Traceback (most recent call last):
  File "/home/paul/Documents/Applications/tophat/tophat-2.0.14.Linux_x86_64/tophat", line 4095, in <module>
    sys.exit(main())
  File "/home/paul/Documents/Applications/tophat/tophat-2.0.14.Linux_x86_64/tophat", line 3949, in main
    params.read_params = check_reads_format(params, reads_list)
  File "/home/paul/Documents/Applications/tophat/tophat-2.0.14.Linux_x86_64/tophat", line 1847, in check_reads_format
    freader=FastxReader(zf.file, params.read_params.color, zf.fname)
  File "/home/paul/Documents/Applications/tophat/tophat-2.0.14.Linux_x86_64/tophat", line 1587, in __init__
    while hlines>0 and self.lastline[0] not in "@>" :
IndexError: string index out of range

				mRNA/ncRNA alignment output not found. Reads likely did not map to mRNA/ncRNA reference. 
				


	=
	
	=

	


	======================================================================
	Alignment steps complete. Moving on to read-counting using HTSeq-count
	======================================================================

	

Counting tRNA alignment reads

657 GFF lines processed.
100000 SAM alignment records processed.
200000 SAM alignment records processed.
300000 SAM alignment records processed.
400000 SAM alignment records processed.
500000 SAM alignment records processed.
600000 SAM alignment records processed.
700000 SAM alignment records processed.
795350 SAM alignments  processed.

No alignment file found for sno/miRNA alignment. Using blank count file instead


No alignment file found for mRNA/ncRNA alignment. Using blank count file instead

BSA_3_CTTGTA_L008_R1_001.fastq
Started at Fri Dec  7 18:52:29 GMT 2018


	============================
	Creating directory structure
	============================

	


	================================
	Trimming reads using Trim Galore
	================================

	

	Input: single-end read file
	
No quality encoding type selected. Assuming that the data provided uses Sanger encoded Phred scores (default)

Path to Cutadapt set as: 'cutadapt' (default)
1.15
Cutadapt seems to be working fine (tested command 'cutadapt --version')


AUTO-DETECTING ADAPTER TYPE
===========================
Attempting to auto-detect adapter type from the first 1 million sequences of the first file (>> /home/paul/Documents/Data/Marion_tiRNA-paper/C5HW7ACXX//BSA_3_CTTGTA_L008_R1_001.fastq.gz <<)

Found perfect matches for the following adapter sequences:
Adapter type	Count	Sequence	Sequences analysed	Percentage
smallRNA	951840	TGGAATTCTCGG	1000000	95.18
Illumina	0	AGATCGGAAGAGC	1000000	0.00
Nextera	0	CTGTCTCTTATA	1000000	0.00
Using smallRNA adapter for trimming (count: 951840). Second best hit was Illumina (count: 0)

Writing report to 'Results/BSA_3_CTTGTA_L008_R1_001.fastq/trim_galore_output/BSA_3_CTTGTA_L008_R1_001.fastq.gz_trimming_report.txt'

SUMMARISING RUN PARAMETERS
==========================
Input filename: /home/paul/Documents/Data/Marion_tiRNA-paper/C5HW7ACXX//BSA_3_CTTGTA_L008_R1_001.fastq.gz
Trimming mode: single-end
Trim Galore version: 0.4.4_dev
Cutadapt version: 1.15
Quality Phred score cutoff: 20
Quality encoding type selected: ASCII+33
Adapter sequence: 'TGGAATTCTCGG' (Illumina small RNA adapter; auto-detected)
Maximum trimming error rate: 0.1 (default)
Minimum required adapter overlap (stringency): 10 bp
Minimum required sequence length before a sequence gets removed: 15 bp
Output file(s) will be GZIP compressed

Writing final adapter and quality trimmed output to BSA_3_CTTGTA_L008_R1_001_trimmed.fq.gz


  >>> Now performing quality (cutoff 20) and adapter trimming in a single pass for the adapter sequence: 'TGGAATTCTCGG' from file /home/paul/Documents/Data/Marion_tiRNA-paper/C5HW7ACXX//BSA_3_CTTGTA_L008_R1_001.fastq.gz <<< 
10000000 sequences processed
20000000 sequences processed
This is cutadapt 1.15 with Python 3.6.7
Command line parameters: -f fastq -e 0.1 -q 20 -O 10 -a TGGAATTCTCGG /home/paul/Documents/Data/Marion_tiRNA-paper/C5HW7ACXX//BSA_3_CTTGTA_L008_R1_001.fastq.gz
Running on 1 core
Trimming 1 adapter with at most 10.0% errors in single-end mode ...
Finished in 354.36 s (13 us/read; 4.78 M reads/minute).

=== Summary ===

Total reads processed:              28,221,779
Reads with adapters:                24,143,836 (85.6%)
Reads written (passing filters):    28,221,779 (100.0%)

Total basepairs processed: 2,822,177,900 bp
Quality-trimmed:             245,179,514 bp (8.7%)
Total written (filtered):  1,617,837,224 bp (57.3%)

=== Adapter 1 ===

Sequence: TGGAATTCTCGG; Type: regular 3'; Length: 12; Trimmed: 24143836 times.

No. of allowed errors:
0-9 bp: 0; 10-12 bp: 1

Bases preceding removed adapters:
  A: 30.6%
  C: 17.2%
  G: 12.8%
  T: 38.7%
  none/other: 0.8%

Overview of removed sequences
length	count	expect	max.err	error counts
9	395630	107.7	0	0 395630
10	282341	26.9	1	268509 13832
11	463220	6.7	1	444846 18374
12	416047	1.7	1	397274 18773
13	227674	1.7	1	213903 13771
14	191501	1.7	1	180427 11074
15	340394	1.7	1	319412 20982
16	258390	1.7	1	246521 11869
17	205983	1.7	1	198234 7749
18	292937	1.7	1	284112 8825
19	174714	1.7	1	168737 5977
20	196366	1.7	1	187873 8493
21	307677	1.7	1	296829 10848
22	474101	1.7	1	459457 14644
23	597803	1.7	1	580729 17074
24	611976	1.7	1	596771 15205
25	1356989	1.7	1	1335912 21077
26	1394322	1.7	1	1373781 20541
27	1093500	1.7	1	1075787 17713
28	594925	1.7	1	583452 11473
29	408521	1.7	1	400982 7539
30	126702	1.7	1	123430 3272
31	743705	1.7	1	732775 10930
32	593345	1.7	1	583396 9949
33	675031	1.7	1	664739 10292
34	755843	1.7	1	743572 12271
35	468945	1.7	1	460879 8066
36	305169	1.7	1	299150 6019
37	621617	1.7	1	612287 9330
38	1071818	1.7	1	1057604 14214
39	515626	1.7	1	508971 6655
40	127177	1.7	1	124836 2341
41	100243	1.7	1	98484 1759
42	104346	1.7	1	102658 1688
43	64723	1.7	1	63388 1335
44	77439	1.7	1	76082 1357
45	41804	1.7	1	41039 765
46	50735	1.7	1	49959 776
47	67262	1.7	1	66231 1031
48	91838	1.7	1	90376 1462
49	61235	1.7	1	60194 1041
50	78744	1.7	1	77486 1258
51	141683	1.7	1	139702 1981
52	136903	1.7	1	135250 1653
53	41559	1.7	1	40916 643
54	45928	1.7	1	45285 643
55	77632	1.7	1	76611 1021
56	84097	1.7	1	83011 1086
57	57046	1.7	1	55910 1136
58	146333	1.7	1	144755 1578
59	58476	1.7	1	57495 981
60	49433	1.7	1	48339 1094
61	112159	1.7	1	110001 2158
62	255563	1.7	1	252356 3207
63	234468	1.7	1	231296 3172
64	166634	1.7	1	164231 2403
65	160576	1.7	1	158236 2340
66	235691	1.7	1	232461 3230
67	261966	1.7	1	258087 3879
68	437382	1.7	1	431766 5616
69	374350	1.7	1	369951 4399
70	296494	1.7	1	292230 4264
71	416672	1.7	1	411416 5256
72	468430	1.7	1	462373 6057
73	636450	1.7	1	630752 5698
74	335396	1.7	1	331938 3458
75	206497	1.7	1	204287 2210
76	399676	1.7	1	396033 3643
77	346311	1.7	1	342737 3574
78	682608	1.7	1	676174 6434
79	101249	1.7	1	99775 1474
80	37760	1.7	1	37272 488
81	25911	1.7	1	25614 297
82	28242	1.7	1	27946 296
83	19132	1.7	1	18890 242
84	11163	1.7	1	11041 122
85	11188	1.7	1	11085 103
86	4428	1.7	1	4376 52
87	2531	1.7	1	2493 38
88	2032	1.7	1	2003 29
89	1694	1.7	1	1675 19
90	1152	1.7	1	1142 10
91	784	1.7	1	777 7
92	382	1.7	1	377 5
93	932	1.7	1	915 17
94	76	1.7	1	75 1
95	47	1.7	1	46 1
96	33	1.7	1	33
97	20	1.7	1	19 1
98	13	1.7	1	11 2
99	41	1.7	1	40 1
100	255	1.7	1	252 3


RUN STATISTICS FOR INPUT FILE: /home/paul/Documents/Data/Marion_tiRNA-paper/C5HW7ACXX//BSA_3_CTTGTA_L008_R1_001.fastq.gz
=============================================
28221779 sequences processed in total
Sequences removed because they became shorter than the length cutoff of 15 bp:	1310995 (4.6%)



	===============================================
	Trimming complete. Moving on to FastQC analysis
	===============================================

	
Started analysis of BSA_3_CTTGTA_L008_R1_001_trimmed.fq.gz
Approx 5% complete for BSA_3_CTTGTA_L008_R1_001_trimmed.fq.gz
Approx 10% complete for BSA_3_CTTGTA_L008_R1_001_trimmed.fq.gz
Approx 15% complete for BSA_3_CTTGTA_L008_R1_001_trimmed.fq.gz
Approx 20% complete for BSA_3_CTTGTA_L008_R1_001_trimmed.fq.gz
Approx 25% complete for BSA_3_CTTGTA_L008_R1_001_trimmed.fq.gz
Approx 30% complete for BSA_3_CTTGTA_L008_R1_001_trimmed.fq.gz
Approx 35% complete for BSA_3_CTTGTA_L008_R1_001_trimmed.fq.gz
Approx 40% complete for BSA_3_CTTGTA_L008_R1_001_trimmed.fq.gz
Approx 45% complete for BSA_3_CTTGTA_L008_R1_001_trimmed.fq.gz
Approx 50% complete for BSA_3_CTTGTA_L008_R1_001_trimmed.fq.gz
Approx 55% complete for BSA_3_CTTGTA_L008_R1_001_trimmed.fq.gz
Approx 60% complete for BSA_3_CTTGTA_L008_R1_001_trimmed.fq.gz
Approx 65% complete for BSA_3_CTTGTA_L008_R1_001_trimmed.fq.gz
Approx 70% complete for BSA_3_CTTGTA_L008_R1_001_trimmed.fq.gz
Approx 75% complete for BSA_3_CTTGTA_L008_R1_001_trimmed.fq.gz
Approx 80% complete for BSA_3_CTTGTA_L008_R1_001_trimmed.fq.gz
Approx 85% complete for BSA_3_CTTGTA_L008_R1_001_trimmed.fq.gz
Approx 90% complete for BSA_3_CTTGTA_L008_R1_001_trimmed.fq.gz
Approx 95% complete for BSA_3_CTTGTA_L008_R1_001_trimmed.fq.gz
Analysis complete for BSA_3_CTTGTA_L008_R1_001_trimmed.fq.gz


	===============================================================
	Finished running FastQC. Moving onto alignment to tRNA database
	===============================================================

	


	==============================
	Running tRNA alignment step...
	==============================

	

[2018-12-07 19:01:02] Beginning TopHat run (v2.0.14)
-----------------------------------------------
[2018-12-07 19:01:02] Checking for Bowtie
		  Bowtie version:	 2.3.4.3
[2018-12-07 19:01:02] Checking for Bowtie index files (transcriptome)..
[2018-12-07 19:01:02] Checking for Bowtie index files (genome)..
[2018-12-07 19:01:02] Checking for reference FASTA file
	Warning: Could not find FASTA file DBs/bowtie2_index/hg19-wholetRNA-CCA.fa
[2018-12-07 19:01:02] Reconstituting reference FASTA file from Bowtie index
  Executing: /usr/bin/bowtie2-inspect DBs/bowtie2_index/hg19-wholetRNA-CCA > Results/BSA_3_CTTGTA_L008_R1_001.fastq/tRNA-alignment/tmp/hg19-wholetRNA-CCA.fa
[2018-12-07 19:01:02] Generating SAM header for DBs/bowtie2_index/hg19-wholetRNA-CCA
[2018-12-07 19:01:02] Reading known junctions from GTF file
[2018-12-07 19:01:02] Preparing reads
	 left reads: min. length=15, max. length=100, 26906230 kept reads (4554 discarded)
Warning: short reads (<20bp) will make TopHat quite slow and take large amount of memory because they are likely to be mapped in too many places
[2018-12-07 19:04:53] Using pre-built transcriptome data..
[2018-12-07 19:04:53] Mapping left_kept_reads to transcriptome known with Bowtie2 
[2018-12-07 19:09:52] Reporting output tracks
-----------------------------------------------
[2018-12-07 19:13:30] A summary of the alignment counts can be found in Results/BSA_3_CTTGTA_L008_R1_001.fastq/tRNA-alignment/align_summary.txt
[2018-12-07 19:13:30] Run complete: 00:12:28 elapsed


	==================================
	Runnng sno/miRNA alignment step...
	==================================

	

[2018-12-07 19:16:27] Beginning TopHat run (v2.0.14)
-----------------------------------------------
[2018-12-07 19:16:27] Checking for Bowtie
		  Bowtie version:	 2.3.4.3
[2018-12-07 19:16:27] Checking for Bowtie index files (transcriptome)..
[2018-12-07 19:16:27] Checking for Bowtie index files (genome)..
[2018-12-07 19:16:27] Checking for reference FASTA file
	Warning: Could not find FASTA file DBs/bowtie2_index/Homo_sapiens.GRCh37.dna.primary_assembly.fa
[2018-12-07 19:16:27] Reconstituting reference FASTA file from Bowtie index
  Executing: /usr/bin/bowtie2-inspect DBs/bowtie2_index/Homo_sapiens.GRCh37.dna.primary_assembly > Results/BSA_3_CTTGTA_L008_R1_001.fastq/snomiRNA-alignment//tmp/Homo_sapiens.GRCh37.dna.primary_assembly.fa
[2018-12-07 19:18:12] Generating SAM header for DBs/bowtie2_index/Homo_sapiens.GRCh37.dna.primary_assembly
Traceback (most recent call last):
  File "/home/paul/Documents/Applications/tophat/tophat-2.0.14.Linux_x86_64/tophat", line 4095, in <module>
    sys.exit(main())
  File "/home/paul/Documents/Applications/tophat/tophat-2.0.14.Linux_x86_64/tophat", line 3949, in main
    params.read_params = check_reads_format(params, reads_list)
  File "/home/paul/Documents/Applications/tophat/tophat-2.0.14.Linux_x86_64/tophat", line 1847, in check_reads_format
    freader=FastxReader(zf.file, params.read_params.color, zf.fname)
  File "/home/paul/Documents/Applications/tophat/tophat-2.0.14.Linux_x86_64/tophat", line 1587, in __init__
    while hlines>0 and self.lastline[0] not in "@>" :
IndexError: string index out of range

				snomiRNA alignment output not found. Reads likely did not map to sno/miRNA reference. 
				Using unmapped.fastq file from tRNA alignment output.
				


	====================================
	Running mRNA/ncRNA alignment step...
	====================================

	

[2018-12-07 19:18:14] Beginning TopHat run (v2.0.14)
-----------------------------------------------
[2018-12-07 19:18:14] Checking for Bowtie
		  Bowtie version:	 2.3.4.3
[2018-12-07 19:18:14] Checking for Bowtie index files (transcriptome)..
[2018-12-07 19:18:14] Checking for Bowtie index files (genome)..
[2018-12-07 19:18:14] Checking for reference FASTA file
	Warning: Could not find FASTA file DBs/bowtie2_index/Homo_sapiens.GRCh37.dna.primary_assembly.fa
[2018-12-07 19:18:14] Reconstituting reference FASTA file from Bowtie index
  Executing: /usr/bin/bowtie2-inspect DBs/bowtie2_index/Homo_sapiens.GRCh37.dna.primary_assembly > Results/BSA_3_CTTGTA_L008_R1_001.fastq/mRNA-ncRNA-alignment//tmp/Homo_sapiens.GRCh37.dna.primary_assembly.fa
[2018-12-07 19:19:58] Generating SAM header for DBs/bowtie2_index/Homo_sapiens.GRCh37.dna.primary_assembly
Traceback (most recent call last):
  File "/home/paul/Documents/Applications/tophat/tophat-2.0.14.Linux_x86_64/tophat", line 4095, in <module>
    sys.exit(main())
  File "/home/paul/Documents/Applications/tophat/tophat-2.0.14.Linux_x86_64/tophat", line 3949, in main
    params.read_params = check_reads_format(params, reads_list)
  File "/home/paul/Documents/Applications/tophat/tophat-2.0.14.Linux_x86_64/tophat", line 1847, in check_reads_format
    freader=FastxReader(zf.file, params.read_params.color, zf.fname)
  File "/home/paul/Documents/Applications/tophat/tophat-2.0.14.Linux_x86_64/tophat", line 1587, in __init__
    while hlines>0 and self.lastline[0] not in "@>" :
IndexError: string index out of range

				mRNA/ncRNA alignment output not found. Reads likely did not map to mRNA/ncRNA reference. 
				


	=
	
	=

	


	======================================================================
	Alignment steps complete. Moving on to read-counting using HTSeq-count
	======================================================================

	

Counting tRNA alignment reads

657 GFF lines processed.
100000 SAM alignment records processed.
200000 SAM alignment records processed.
300000 SAM alignment records processed.
400000 SAM alignment records processed.
500000 SAM alignment records processed.
600000 SAM alignment records processed.
700000 SAM alignment records processed.
800000 SAM alignment records processed.
900000 SAM alignment records processed.
926297 SAM alignments  processed.

No alignment file found for sno/miRNA alignment. Using blank count file instead


No alignment file found for mRNA/ncRNA alignment. Using blank count file instead

Finished at Fri Dec  7 19:20:31 GMT 2018
