
[2019-01-15 10:25:40] Beginning TopHat run (v2.0.14)
-----------------------------------------------
[2019-01-15 10:25:40] Checking for Bowtie
		  Bowtie version:	 2.3.4.3
[2019-01-15 10:25:40] Checking for Bowtie index files (genome)..
[2019-01-15 10:25:40] Checking for reference FASTA file
	Warning: Could not find FASTA file DBs/bowtie2_index/hg19-snomiRNA.fa
[2019-01-15 10:25:40] Reconstituting reference FASTA file from Bowtie index
  Executing: /usr/bin/bowtie2-inspect DBs/bowtie2_index/hg19-snomiRNA > SimReads_tophat/snomiRNA-alignment//tmp/hg19-snomiRNA.fa
[2019-01-15 10:25:40] Generating SAM header for DBs/bowtie2_index/hg19-snomiRNA
[2019-01-15 10:25:40] Preparing reads
	 left reads: min. length=43, max. length=50, 11051 kept reads (0 discarded)
[2019-01-15 10:25:40] Mapping left_kept_reads to genome hg19-snomiRNA with Bowtie2 
[2019-01-15 10:25:41] Mapping left_kept_reads_seg1 to genome hg19-snomiRNA with Bowtie2 (1/2)
[2019-01-15 10:25:41] Mapping left_kept_reads_seg2 to genome hg19-snomiRNA with Bowtie2 (2/2)
[2019-01-15 10:25:41] Searching for junctions via segment mapping
Warning: junction database is empty!
[2019-01-15 10:25:41] Reporting output tracks
-----------------------------------------------
[2019-01-15 10:25:42] A summary of the alignment counts can be found in SimReads_tophat/snomiRNA-alignment//align_summary.txt
[2019-01-15 10:25:42] Run complete: 00:00:02 elapsed
