juncs_db v2.0.14 (4318)
---------------------------
	Loading 1...done
	Loading 10...done
	Loading 11...done
	Loading 12...done
	Loading 13...done
	Loading 14...done
	Loading 15...done
	Loading 16...done
	Loading 17...done
	Loading 18...done
	Loading 19...done
	Loading 2...done
	Loading 20...done
	Loading 21...done
	Loading 22...done
	Loading 3...done
	Loading 4...done
	Loading 5...done
	Loading 6...done
	Loading 7...done
	Loading 8...done
	Loading 9...done
	Loading MT...done
	Loading X...done
	Loading Y...done
	Loading GL000192.1...done
	Loading GL000225.1...done
	Loading GL000194.1...done
	Loading GL000193.1...done
	Loading GL000200.1...done
	Loading GL000222.1...done
	Loading GL000212.1...done
	Loading GL000195.1...done
	Loading GL000223.1...done
	Loading GL000224.1...done
	Loading GL000219.1...done
	Loading GL000205.1...done
	Loading GL000215.1...done
	Loading GL000216.1...done
	Loading GL000217.1...done
	Loading GL000199.1...done
	Loading GL000211.1...done
	Loading GL000213.1...done
	Loading GL000220.1...done
	Loading GL000218.1...done
	Loading GL000209.1...done
	Loading GL000221.1...done
	Loading GL000214.1...done
	Loading GL000228.1...done
	Loading GL000227.1...done
	Loading GL000191.1...done
	Loading GL000208.1...done
	Loading GL000198.1...done
	Loading GL000204.1...done
	Loading GL000233.1...done
	Loading GL000237.1...done
	Loading GL000230.1...done
	Loading GL000242.1...done
	Loading GL000243.1...done
	Loading GL000241.1...done
	Loading GL000236.1...done
	Loading GL000240.1...done
	Loading GL000206.1...done
	Loading GL000232.1...done
	Loading GL000234.1...done
	Loading GL000202.1...done
	Loading GL000238.1...done
	Loading GL000244.1...done
	Loading GL000248.1...done
	Loading GL000196.1...done
	Loading GL000249.1...done
	Loading GL000246.1...done
	Loading GL000203.1...done
	Loading GL000197.1...done
	Loading GL000245.1...done
	Loading GL000247.1...done
	Loading GL000201.1...done
	Loading GL000235.1...done
	Loading GL000239.1...done
	Loading GL000210.1...done
	Loading GL000231.1...done
	Loading GL000229.1...done
	Loading GL000226.1...done
	Loading GL000207.1...done
	Loading ...done
