tophat_reports v2.0.14 (4318)
---------------------------------------
[samopen] SAM header is present: 625 sequences.
	Loading chr1.tRNA137-Pseudo???...done
	Loading chr1.tRNA136-AsnGTT...done
	Loading chr1.tRNA135-AsnGTT...done
	Loading chr1.tRNA134-GluTTC...done
	Loading chr1.tRNA133-GlyCCC...done
	Loading chr1.tRNA132-PseudoCAC...done
	Loading chr1.tRNA131-GlyCCC...done
	Loading chr1.tRNA130-ValCAC...done
	Loading chr1.tRNA1-PseudoCAC...done
	Loading chr1.tRNA2-GlyCCC...done
	Loading chr1.tRNA129-PseudoCTG...done
	Loading chr1.tRNA3-PseudoCAC...done
	Loading chr1.tRNA4-GlyCCC...done
	Loading chr1.tRNA5-GluTTC...done
	Loading chr1.tRNA6-AsnGTT...done
	Loading chr1.tRNA7-AsnGTT...done
	Loading chr1.tRNA8-PseudoCTT...done
	Loading chr1.tRNA128-LysCTT...done
	Loading chr1.tRNA127-CysGCA...done
	Loading chr1.tRNA9-ArgTCT...done
	Loading chr1.tRNA126-Pseudo???...done
	Loading chr1.tRNA125-PseudoGTT...done
	Loading chr1.tRNA10-AsnGTT...done
	Loading chr1.tRNA124-AsnGTT...done
	Loading chr1.tRNA11-AsnGTT...done
	Loading chr1.tRNA123-AsnGTT...done
	Loading chr1.tRNA12-AsnGTT...done
	Loading chr1.tRNA122-AsnGTT...done
	Loading chr1.tRNA121-GlnCTG...done
	Loading chr1.tRNA120-GlnCTG...done
	Loading chr1.tRNA13-AsnGTT...done
	Loading chr1.tRNA119-LysCTT...done
	Loading chr1.tRNA118-HisGTG...done
	Loading chr1.tRNA117-GlyTCC...done
	Loading chr1.tRNA116-GluCTC...done
	Loading chr1.tRNA14-PseudoCCT...done
	Loading chr1.tRNA15-GlnCTG...done
	Loading chr1.tRNA115-AsnGTT...done
	Loading chr1.tRNA114-GlnCTG...done
	Loading chr1.tRNA16-HisGTG...done
	Loading chr1.tRNA17-PseudoTTC...done
	Loading chr1.tRNA18-PseudoCCT...done
	Loading chr1.tRNA19-GlnCTG...done
	Loading chr1.tRNA113-AsnGTT...done
	Loading chr1.tRNA20-AsnATT...done
	Loading chr1.tRNA112-GlnCTG...done
	Loading chr1.tRNA21-HisGTG...done
	Loading chr1.tRNA111-HisGTG...done
	Loading chr1.tRNA110-PseudoTTC...done
	Loading chr1.tRNA22-GlnCTG...done
	Loading chr1.tRNA23-PseudoCTG...done
	Loading chr1.tRNA109-PseudoGTT...done
	Loading chr1.tRNA24-AsnGTT...done
	Loading chr1.tRNA25-AsnGTT...done
	Loading chr1.tRNA26-AsnGTT...done
	Loading chr1.tRNA108-AsnGTT...done
	Loading chr1.tRNA107-AsnGTT...done
	Loading chr1.tRNA27-PseudoCTG...done
	Loading chr1.tRNA106-HisGTG...done
	Loading chr1.tRNA105-PseudoTTC...done
	Loading chr1.tRNA28-GlnCTG...done
	Loading chr1.tRNA104-PseudoGTT...done
	Loading chr1.tRNA103-AsnGTT...done
	Loading chr1.tRNA102-PseudoTTC...done
	Loading chr1.tRNA101-AsnGTT...done
	Loading chr1.tRNA100-PseudoGAA...done
	Loading chr1.tRNA99-ValCAC...done
	Loading chr1.tRNA98-ValCAC...done
	Loading chr1.tRNA97-AsnGTT...done
	Loading chr1.tRNA29-GluCTC...done
	Loading chr1.tRNA96-PseudoCCT...done
	Loading chr1.tRNA30-AsnGTT...done
	Loading chr1.tRNA95-AsnGTT...done
	Loading chr1.tRNA94-GluTTC...done
	Loading chr1.tRNA93-AsnGTT...done
	Loading chr1.tRNA92-PseudoGAA...done
	Loading chr1.tRNA91-PseudoCCC...done
	Loading chr1.tRNA90-ValCAC...done
	Loading chr1.tRNA89-AsnGTT...done
	Loading chr1.tRNA31-GluTTC...done
	Loading chr1.tRNA88-PseudoCCT...done
	Loading chr1.tRNA87-AlaAGC...done
	Loading chr1.tRNA32-MetCAT...done
	Loading chr1.tRNA86-ArgTCT...done
	Loading chr1.tRNA85-ValCAC...done
	Loading chr1.tRNA33-Pseudo???...done
	Loading chr1.tRNA84-GluTTC...done
	Loading chr1.tRNA83-AsnGTT...done
	Loading chr1.tRNA82-GlyTCC...done
	Loading chr1.tRNA81-AspGTC...done
	Loading chr1.tRNA34-LeuCAG...done
	Loading chr1.tRNA35-GlyGCC...done
	Loading chr1.tRNA80-GluCTC...done
	Loading chr1.tRNA79-GlyTCC...done
	Loading chr1.tRNA78-AspGTC...done
	Loading chr1.tRNA36-LeuCAG...done
	Loading chr1.tRNA37-GlyGCC...done
	Loading chr1.tRNA77-GluCTC...done
	Loading chr1.tRNA76-GlyTCC...done
	Loading chr1.tRNA75-AspGTC...done
	Loading chr1.tRNA38-LeuCAG...done
	Loading chr1.tRNA39-GlyGCC...done
	Loading chr1.tRNA74-GluCTC...done
	Loading chr1.tRNA73-GlyTCC...done
	Loading chr1.tRNA72-AspGTC...done
	Loading chr1.tRNA40-LeuCAG...done
	Loading chr1.tRNA41-GlyGCC...done
	Loading chr1.tRNA71-GluCTC...done
	Loading chr1.tRNA70-GlyTCC...done
	Loading chr1.tRNA69-AspGTC...done
	Loading chr1.tRNA42-LeuCAG...done
	Loading chr1.tRNA43-GlyGCC...done
	Loading chr1.tRNA44-PseudoGTC...done
	Loading chr1.tRNA68-GlyGCC...done
	Loading chr1.tRNA67-LeuCAG...done
	Loading chr1.tRNA45-GlyTCC...done
	Loading chr1.tRNA46-AspGTC...done
	Loading chr1.tRNA47-AsnGTT...done
	Loading chr1.tRNA48-AspGTC...done
	Loading chr1.tRNA66-LeuCAA...done
	Loading chr1.tRNA49-GluTTC...done
	Loading chr1.tRNA50-AsnGTT...done
	Loading chr1.tRNA51-PseudoCTT...done
	Loading chr1.tRNA52-ProCGG...done
	Loading chr1.tRNA65-ProAGG...done
	Loading chr1.tRNA64-GluTTC...done
	Loading chr1.tRNA53-Pseudo???...done
	Loading chr1.tRNA63-ValAAC...done
	Loading chr1.tRNA54-LysTTT...done
	Loading chr1.tRNA62-LysTTT...done
	Loading chr1.tRNA55-LysTTT...done
	Loading chr1.tRNA61-PseudoTGG...done
	Loading chr1.tRNA56-ThrTGT...done
	Loading chr1.tRNA57-PseudoTGG...done
	Loading chr1.tRNA60-PseudoTAA...done
	Loading chr1.tRNA58-LeuCAA...done
	Loading chr1.tRNA59-GluCTC...done
	Loading chr2.tRNA1-PseudoCCC...done
	Loading chr2.tRNA2-TyrGTA...done
	Loading chr2.tRNA3-AlaAGC...done
	Loading chr2.tRNA4-LeuAAG...done
	Loading chr2.tRNA5-IleTAT...done
	Loading chr2.tRNA28-PseudoTTG...done
	Loading chr2.tRNA27-GlyCCC...done
	Loading chr2.tRNA26-Pseudo???...done
	Loading chr2.tRNA25-PseudoCTC...done
	Loading chr2.tRNA6-GluTTC...done
	Loading chr2.tRNA7-PseudoAGG...done
	Loading chr2.tRNA8-PseudoAGG...done
	Loading chr2.tRNA24-PseudoCTC...done
	Loading chr2.tRNA9-PseudoTAA...done
	Loading chr2.tRNA23-GlnTTG...done
	Loading chr2.tRNA22-PseudoTTG...done
	Loading chr2.tRNA21-SerTGA...done
	Loading chr2.tRNA20-GluTTC...done
	Loading chr2.tRNA10-PseudoTGA...done
	Loading chr2.tRNA11-PseudoTTG...done
	Loading chr2.tRNA12-PseudoCTC...done
	Loading chr2.tRNA13-AlaCGC...done
	Loading chr2.tRNA19-GlyGCC...done
	Loading chr2.tRNA18-PseudoCTC...done
	Loading chr2.tRNA17-PseudoTTC...done
	Loading chr2.tRNA14-TyrATA...done
	Loading chr2.tRNA15-PseudoCTG...done
	Loading chr2.tRNA16-PseudoTTT...done
	Loading chr3.tRNA1-PseudoCTA...done
	Loading chr3.tRNA12-PseudoGCA...done
	Loading chr3.tRNA11-ArgACG...done
	Loading chr3.tRNA10-PseudoCTC...done
	Loading chr3.tRNA9-PseudoTTG...done
	Loading chr3.tRNA8-GluCTC...done
	Loading chr3.tRNA7-CysGCA...done
	Loading chr3.tRNA6-CysGCA...done
	Loading chr3.tRNA5-LeuAAG...done
	Loading chr3.tRNA4-HisGTG...done
	Loading chr3.tRNA2-ValAAC...done
	Loading chr3.tRNA3-AspGTC...done
	Loading chr4.tRNA5-PseudoTTA...done
	Loading chr4.tRNA4-GlnTTG...done
	Loading chr4.tRNA3-CysGCA...done
	Loading chr4.tRNA1-PseudoTTG...done
	Loading chr4.tRNA2-LeuTAA...done
	Loading chr5.tRNA24-LysCTT...done
	Loading chr5.tRNA23-PseudoTTG...done
	Loading chr5.tRNA22-AspGTC...done
	Loading chr5.tRNA21-PseudoCTG...done
	Loading chr5.tRNA1-PseudoACA...done
	Loading chr5.tRNA20-LeuCAG...done
	Loading chr5.tRNA2-ValCAC...done
	Loading chr5.tRNA19-LeuAAG...done
	Loading chr5.tRNA3-LeuAAG...done
	Loading chr5.tRNA18-ValCAC...done
	Loading chr5.tRNA4-ValAAC...done
	Loading chr5.tRNA17-PseudoAAG...done
	Loading chr5.tRNA5-ValAAC...done
	Loading chr5.tRNA6-ValCAC...done
	Loading chr5.tRNA16-LeuAAG...done
	Loading chr5.tRNA7-LeuAAG...done
	Loading chr5.tRNA15-ValAAC...done
	Loading chr5.tRNA14-ProTGG...done
	Loading chr5.tRNA13-ThrTGT...done
	Loading chr5.tRNA8-AlaTGC...done
	Loading chr5.tRNA9-LysCTT...done
	Loading chr5.tRNA12-ValAAC...done
	Loading chr5.tRNA11-LysCTT...done
	Loading chr5.tRNA10-ValCAC...done
	Loading chr6.tRNA1-GlnCTG...done
	Loading chr6.tRNA2-MetCAT...done
	Loading chr6.tRNA3-ArgTCG...done
	Loading chr6.tRNA175-SerGCT...done
	Loading chr6.tRNA174-GlnTTG...done
	Loading chr6.tRNA173-GlnTTG...done
	Loading chr6.tRNA172-SerTGA...done
	Loading chr6.tRNA171-MetCAT...done
	Loading chr6.tRNA170-TrpCCA...done
	Loading chr6.tRNA4-ArgTCG...done
	Loading chr6.tRNA5-SerAGA...done
	Loading chr6.tRNA6-ArgACG...done
	Loading chr6.tRNA169-MetCAT...done
	Loading chr6.tRNA168-TrpCCA...done
	Loading chr6.tRNA7-LeuCAG...done
	Loading chr6.tRNA167-ThrAGT...done
	Loading chr6.tRNA8-ArgACG...done
	Loading chr6.tRNA9-ValCAC...done
	Loading chr6.tRNA10-AlaCGC...done
	Loading chr6.tRNA11-IleAAT...done
	Loading chr6.tRNA12-ProAGG...done
	Loading chr6.tRNA13-LysCTT...done
	Loading chr6.tRNA14-TyrGTA...done
	Loading chr6.tRNA166-AlaAGC...done
	Loading chr6.tRNA15-TyrGTA...done
	Loading chr6.tRNA16-TyrGTA...done
	Loading chr6.tRNA17-TyrGTA...done
	Loading chr6.tRNA18-AlaAGC...done
	Loading chr6.tRNA19-AlaAGC...done
	Loading chr6.tRNA20-AlaAGC...done
	Loading chr6.tRNA21-MetCAT...done
	Loading chr6.tRNA22-AlaAGC...done
	Loading chr6.tRNA165-IleAAT...done
	Loading chr6.tRNA23-AlaAGC...done
	Loading chr6.tRNA24-AlaAGC...done
	Loading chr6.tRNA164-MetCAT...done
	Loading chr6.tRNA163-IleAAT...done
	Loading chr6.tRNA25-AlaAGC...done
	Loading chr6.tRNA26-Undet???...done
	Loading chr6.tRNA162-MetCAT...done
	Loading chr6.tRNA27-MetCAT...done
	Loading chr6.tRNA161-AlaAGC...done
	Loading chr6.tRNA160-AlaAGC...done
	Loading chr6.tRNA28-IleAAT...done
	Loading chr6.tRNA159-AlaAGC...done
	Loading chr6.tRNA29-IleTAT...done
	Loading chr6.tRNA30-ProCGG...done
	Loading chr6.tRNA31-SerGCT...done
	Loading chr6.tRNA32-ValCAC...done
	Loading chr6.tRNA33-HisGTG...done
	Loading chr6.tRNA34-ThrAGT...done
	Loading chr6.tRNA158-IleAAT...done
	Loading chr6.tRNA157-ValCAC...done
	Loading chr6.tRNA35-SerCGA...done
	Loading chr6.tRNA156-ArgACG...done
	Loading chr6.tRNA36-ArgACG...done
	Loading chr6.tRNA155-LeuTAA...done
	Loading chr6.tRNA37-ValAAC...done
	Loading chr6.tRNA154-IleAAT...done
	Loading chr6.tRNA38-IleAAT...done
	Loading chr6.tRNA153-IleAAT...done
	Loading chr6.tRNA152-ValCAC...done
	Loading chr6.tRNA39-PseudoAAT...done
	Loading chr6.tRNA40-ValTAC...done
	Loading chr6.tRNA41-PseudoACT...done
	Loading chr6.tRNA42-GlnCTG...done
	Loading chr6.tRNA43-SerGCT...done
	Loading chr6.tRNA151-ThrCGT...done
	Loading chr6.tRNA150-MetCAT...done
	Loading chr6.tRNA149-LysTTT...done
	Loading chr6.tRNA44-SerAGA...done
	Loading chr6.tRNA45-AspGTC...done
	Loading chr6.tRNA46-SerAGA...done
	Loading chr6.tRNA47-SerAGA...done
	Loading chr6.tRNA48-AspGTC...done
	Loading chr6.tRNA148-SerTGA...done
	Loading chr6.tRNA49-GlnCTG...done
	Loading chr6.tRNA50-SerAGA...done
	Loading chr6.tRNA147-SerAGA...done
	Loading chr6.tRNA51-SerTGA...done
	Loading chr6.tRNA146-GlnCTG...done
	Loading chr6.tRNA145-SerAGA...done
	Loading chr6.tRNA52-ArgTCT...done
	Loading chr6.tRNA53-LysTTT...done
	Loading chr6.tRNA144-AspGTC...done
	Loading chr6.tRNA143-LysTTT...done
	Loading chr6.tRNA142-MetCAT...done
	Loading chr6.tRNA141-LeuCAA...done
	Loading chr6.tRNA140-LeuCAA...done
	Loading chr6.tRNA54-ThrCGT...done
	Loading chr6.tRNA55-IleTAT...done
	Loading chr6.tRNA139-ValAAC...done
	Loading chr6.tRNA56-PheGAA...done
	Loading chr6.tRNA57-IleAAT...done
	Loading chr6.tRNA138-ArgACG...done
	Loading chr6.tRNA137-SerCGA...done
	Loading chr6.tRNA136-ValAAC...done
	Loading chr6.tRNA58-ValCAC...done
	Loading chr6.tRNA135-ThrAGT...done
	Loading chr6.tRNA59-IleAAT...done
	Loading chr6.tRNA134-LeuTAA...done
	Loading chr6.tRNA60-ThrAGT...done
	Loading chr6.tRNA133-ValCAC...done
	Loading chr6.tRNA132-ValAAC...done
	Loading chr6.tRNA61-MetCAT...done
	Loading chr6.tRNA131-GlnCTG...done
	Loading chr6.tRNA130-GlnTTG...done
	Loading chr6.tRNA129-MetCAT...done
	Loading chr6.tRNA128-GlyGCC...done
	Loading chr6.tRNA62-SerGCT...done
	Loading chr6.tRNA127-ThrTGT...done
	Loading chr6.tRNA126-LeuAAG...done
	Loading chr6.tRNA125-ThrCGT...done
	Loading chr6.tRNA63-IleTAT...done
	Loading chr6.tRNA124-ArgTCG...done
	Loading chr6.tRNA64-GlnTTG...done
	Loading chr6.tRNA123-SerGCT...done
	Loading chr6.tRNA65-AlaAGC...done
	Loading chr6.tRNA122-PseudoTGC...done
	Loading chr6.tRNA66-AlaTGC...done
	Loading chr6.tRNA121-ThrCGT...done
	Loading chr6.tRNA120-AlaAGC...done
	Loading chr6.tRNA119-AlaCGC...done
	Loading chr6.tRNA118-PseudoTTT...done
	Loading chr6.tRNA117-AlaCGC...done
	Loading chr6.tRNA67-AlaAGC...done
	Loading chr6.tRNA68-AlaAGC...done
	Loading chr6.tRNA69-ThrAGT...done
	Loading chr6.tRNA116-PseudoGAA...done
	Loading chr6.tRNA70-AlaCGC...done
	Loading chr6.tRNA115-ValAAC...done
	Loading chr6.tRNA114-ArgCCG...done
	Loading chr6.tRNA71-LysTTT...done
	Loading chr6.tRNA113-AlaTGC...done
	Loading chr6.tRNA112-PheGAA...done
	Loading chr6.tRNA72-PheGAA...done
	Loading chr6.tRNA111-PseudoAGC...done
	Loading chr6.tRNA110-AlaTGC...done
	Loading chr6.tRNA109-PheGAA...done
	Loading chr6.tRNA108-AlaAGC...done
	Loading chr6.tRNA107-AlaTGC...done
	Loading chr6.tRNA106-PheGAA...done
	Loading chr6.tRNA105-AlaAGC...done
	Loading chr6.tRNA104-AlaTGC...done
	Loading chr6.tRNA103-PheGAA...done
	Loading chr6.tRNA102-AlaAGC...done
	Loading chr6.tRNA101-AlaAGC...done
	Loading chr6.tRNA73-ArgCCG...done
	Loading chr6.tRNA100-LeuCAA...done
	Loading chr6.tRNA74-LeuCAA...done
	Loading chr6.tRNA99-GlnCTG...done
	Loading chr6.tRNA98-LeuAAG...done
	Loading chr6.tRNA75-MetCAT...done
	Loading chr6.tRNA76-LysTTT...done
	Loading chr6.tRNA97-MetCAT...done
	Loading chr6.tRNA96-PheGAA...done
	Loading chr6.tRNA77-GluCTC...done
	Loading chr6.tRNA78-LeuAAG...done
	Loading chr6.tRNA79-GlnTTG...done
	Loading chr6.tRNA95-AlaAGC...done
	Loading chr6.tRNA94-AlaAGC...done
	Loading chr6.tRNA80-IleAAT...done
	Loading chr6.tRNA93-AlaAGC...done
	Loading chr6.tRNA92-MetCAT...done
	Loading chr6.tRNA91-AlaAGC...done
	Loading chr6.tRNA90-AlaAGC...done
	Loading chr6.tRNA89-AlaAGC...done
	Loading chr6.tRNA81-LeuTAA...done
	Loading chr6.tRNA88-PseudoGAA...done
	Loading chr6.tRNA87-GluCTC...done
	Loading chr6.tRNA82-GlyGCC...done
	Loading chr6.tRNA83-LeuTAA...done
	Loading chr6.tRNA84-GlnTTG...done
	Loading chr6.tRNA86-PseudoTAC...done
	Loading chr6.tRNA85-PseudoTTC...done
	Loading chr7.tRNA26-PseudoTTG...done
	Loading chr7.tRNA1-TrpCCA...done
	Loading chr7.tRNA2-ProAGG...done
	Loading chr7.tRNA3-ArgCCT...done
	Loading chr7.tRNA4-PseudoTTG...done
	Loading chr7.tRNA5-CysGCA...done
	Loading chr7.tRNA6-CysGCA...done
	Loading chr7.tRNA25-CysGCA...done
	Loading chr7.tRNA24-PseudoGTA...done
	Loading chr7.tRNA23-CysGCA...done
	Loading chr7.tRNA22-CysGCA...done
	Loading chr7.tRNA21-CysGCA...done
	Loading chr7.tRNA7-CysGCA...done
	Loading chr7.tRNA8-CysGCA...done
	Loading chr7.tRNA9-TyrGTA...done
	Loading chr7.tRNA10-CysGCA...done
	Loading chr7.tRNA20-CysGCA...done
	Loading chr7.tRNA19-CysGCA...done
	Loading chr7.tRNA11-CysGCA...done
	Loading chr7.tRNA12-SerAGA...done
	Loading chr7.tRNA18-CysGCA...done
	Loading chr7.tRNA13-CysGCA...done
	Loading chr7.tRNA17-CysGCA...done
	Loading chr7.tRNA14-CysGCA...done
	Loading chr7.tRNA16-CysGCA...done
	Loading chr7.tRNA15-CysGCA...done
	Loading chr8.tRNA1-PseudoCTC...done
	Loading chr8.tRNA2-PseudoTTT...done
	Loading chr8.tRNA14-PseudoTTG...done
	Loading chr8.tRNA13-PseudoTAA...done
	Loading chr8.tRNA3-GluCTC...done
	Loading chr8.tRNA12-TyrGTA...done
	Loading chr8.tRNA4-TyrGTA...done
	Loading chr8.tRNA5-TyrGTA...done
	Loading chr8.tRNA6-AlaAGC...done
	Loading chr8.tRNA7-PseudoCTC...done
	Loading chr8.tRNA11-SerAGA...done
	Loading chr8.tRNA8-Undet???...done
	Loading chr8.tRNA10-MetCAT...done
	Loading chr8.tRNA9-PseudoGAA...done
	Loading chr9.tRNA8-GlnTTG...done
	Loading chr9.tRNA7-HisGTG...done
	Loading chr9.tRNA1-MetCAT...done
	Loading chr9.tRNA6-AspGTC...done
	Loading chr9.tRNA2-ArgTCG...done
	Loading chr9.tRNA3-TrpCCA...done
	Loading chr9.tRNA5-GlnCTG...done
	Loading chr9.tRNA4-ArgTCT...done
	Loading chr10.tRNA6-ValTAC...done
	Loading chr10.tRNA5-PseudoCTG...done
	Loading chr10.tRNA4-AsnGTT...done
	Loading chr10.tRNA1-PseudoGGG...done
	Loading chr10.tRNA3-PseudoCAA...done
	Loading chr10.tRNA2-SerTGA...done
	Loading chr11.tRNA1-LeuCAA...done
	Loading chr11.tRNA19-TrpCCA...done
	Loading chr11.tRNA18-AlaTGC...done
	Loading chr11.tRNA2-LysCTT...done
	Loading chr11.tRNA17-ValTAC...done
	Loading chr11.tRNA16-ValTAC...done
	Loading chr11.tRNA3-ArgTCT...done
	Loading chr11.tRNA4-LeuTAA...done
	Loading chr11.tRNA5-LysTTT...done
	Loading chr11.tRNA15-PheGAA...done
	Loading chr11.tRNA14-LysTTT...done
	Loading chr11.tRNA13-PheGAA...done
	Loading chr11.tRNA6-PseudoTGC...done
	Loading chr11.tRNA7-PseudoCCT...done
	Loading chr11.tRNA8-SerGCT...done
	Loading chr11.tRNA9-ProAGG...done
	Loading chr11.tRNA12-ProTGG...done
	Loading chr11.tRNA10-SerAGA...done
	Loading chr11.tRNA11-LysTTT...done
	Loading chr12.tRNA1-LysTTT...done
	Loading chr12.tRNA16-PseudoTTG...done
	Loading chr12.tRNA2-SerCGA...done
	Loading chr12.tRNA3-GlnCTG...done
	Loading chr12.tRNA4-AspGTC...done
	Loading chr12.tRNA15-PseudoTTG...done
	Loading chr12.tRNA5-AspGTC...done
	Loading chr12.tRNA6-TrpCCA...done
	Loading chr12.tRNA14-PseudoCTC...done
	Loading chr12.tRNA7-AspGTC...done
	Loading chr12.tRNA13-AlaTGC...done
	Loading chr12.tRNA12-AspGTC...done
	Loading chr12.tRNA11-PheGAA...done
	Loading chr12.tRNA10-AspGTC...done
	Loading chr12.tRNA8-AlaTGC...done
	Loading chr12.tRNA9-PseudoAAT...done
	Loading chr13.tRNA7-AsnGTT...done
	Loading chr13.tRNA6-PseudoTTG...done
	Loading chr13.tRNA5-GluTTC...done
	Loading chr13.tRNA4-GluCTC...done
	Loading chr13.tRNA3-GluTTC...done
	Loading chr13.tRNA2-PseudoCTC...done
	Loading chr13.tRNA1-PheGAA...done
	Loading chr14.tRNA23-ProAGG...done
	Loading chr14.tRNA1-LeuAAG...done
	Loading chr14.tRNA22-ProAGG...done
	Loading chr14.tRNA21-ThrTGT...done
	Loading chr14.tRNA2-LeuTAG...done
	Loading chr14.tRNA20-ThrTGT...done
	Loading chr14.tRNA3-ProTGG...done
	Loading chr14.tRNA19-TyrGTA...done
	Loading chr14.tRNA18-TyrGTA...done
	Loading chr14.tRNA17-TyrGTA...done
	Loading chr14.tRNA16-TyrGTA...done
	Loading chr14.tRNA15-PseudoTAG...done
	Loading chr14.tRNA4-ThrTGT...done
	Loading chr14.tRNA5-TyrGTA...done
	Loading chr14.tRNA6-ProTGG...done
	Loading chr14.tRNA7-ArgACG...done
	Loading chr14.tRNA14-GluTTC...done
	Loading chr14.tRNA13-LysCTT...done
	Loading chr14.tRNA8-CysGCA...done
	Loading chr14.tRNA12-PseudoTTT...done
	Loading chr14.tRNA11-PseudoCTA...done
	Loading chr14.tRNA9-AlaAGC...done
	Loading chr14.tRNA10-IleAAT...done
	Loading chr15.tRNA11-GluTTC...done
	Loading chr15.tRNA10-SerGCT...done
	Loading chr15.tRNA9-HisGTG...done
	Loading chr15.tRNA8-HisGTG...done
	Loading chr15.tRNA1-HisGTG...done
	Loading chr15.tRNA7-GlnCTG...done
	Loading chr15.tRNA6-PseudoCTT...done
	Loading chr15.tRNA2-LysCTT...done
	Loading chr15.tRNA3-CysGCA...done
	Loading chr15.tRNA4-ArgTCG...done
	Loading chr15.tRNA5-PseudoGTA...done
	Loading chr16.tRNA34-GlyCCC...done
	Loading chr16.tRNA1-ArgCCG...done
	Loading chr16.tRNA33-PseudoAGG...done
	Loading chr16.tRNA2-ArgCCT...done
	Loading chr16.tRNA32-LysCTT...done
	Loading chr16.tRNA3-ProTGG...done
	Loading chr16.tRNA4-ProAGG...done
	Loading chr16.tRNA5-LysCTT...done
	Loading chr16.tRNA31-PseudoTGG...done
	Loading chr16.tRNA6-ProCGG...done
	Loading chr16.tRNA7-LysCTT...done
	Loading chr16.tRNA30-LysCTT...done
	Loading chr16.tRNA29-ProAGG...done
	Loading chr16.tRNA28-ProTGG...done
	Loading chr16.tRNA8-ProTGG...done
	Loading chr16.tRNA9-ProAGG...done
	Loading chr16.tRNA10-LysCTT...done
	Loading chr16.tRNA11-ProAGG...done
	Loading chr16.tRNA12-ArgCCT...done
	Loading chr16.tRNA13-PseudoCTT...done
	Loading chr16.tRNA14-GlnTTG...done
	Loading chr16.tRNA15-ThrCGT...done
	Loading chr16.tRNA27-LeuTAG...done
	Loading chr16.tRNA16-LeuAAG...done
	Loading chr16.tRNA17-LeuCAG...done
	Loading chr16.tRNA26-LeuCAG...done
	Loading chr16.tRNA25-GlyGCC...done
	Loading chr16.tRNA24-GlyGCC...done
	Loading chr16.tRNA18-GlyGCC...done
	Loading chr16.tRNA19-GlyGCC...done
	Loading chr16.tRNA20-MetCAT...done
	Loading chr16.tRNA21-GlnCTG...done
	Loading chr16.tRNA23-LysTTT...done
	Loading chr16.tRNA22-MetCAT...done
	Loading chr17.tRNA1-Pseudo???...done
	Loading chr17.tRNA2-LysTTT...done
	Loading chr17.tRNA3-GlnCTG...done
	Loading chr17.tRNA42-LeuTAG...done
	Loading chr17.tRNA4-ArgTCT...done
	Loading chr17.tRNA5-GlyGCC...done
	Loading chr17.tRNA41-SerCGA...done
	Loading chr17.tRNA40-ThrAGT...done
	Loading chr17.tRNA6-TrpCCA...done
	Loading chr17.tRNA7-SerGCT...done
	Loading chr17.tRNA8-ThrAGT...done
	Loading chr17.tRNA9-IleAAT...done
	Loading chr17.tRNA39-TrpCCA...done
	Loading chr17.tRNA10-GlyTCC...done
	Loading chr17.tRNA38-AspGTC...done
	Loading chr17.tRNA37-ProCGG...done
	Loading chr17.tRNA36-ThrAGT...done
	Loading chr17.tRNA35-SerAGA...done
	Loading chr17.tRNA34-IleAAT...done
	Loading chr17.tRNA11-SupCTA...done
	Loading chr17.tRNA12-TrpCCA...done
	Loading chr17.tRNA33-PseudoTTG...done
	Loading chr17.tRNA13-GlyCCC...done
	Loading chr17.tRNA32-PseudoTGA...done
	Loading chr17.tRNA14-ThrCGT...done
	Loading chr17.tRNA31-AsnGTT...done
	Loading chr17.tRNA30-CysGCA...done
	Loading chr17.tRNA29-CysGCA...done
	Loading chr17.tRNA15-CysGCA...done
	Loading chr17.tRNA28-CysGCA...done
	Loading chr17.tRNA27-CysGCA...done
	Loading chr17.tRNA26-CysGCA...done
	Loading chr17.tRNA25-SeCTCA...done
	Loading chr17.tRNA16-GlnTTG...done
	Loading chr17.tRNA17-SupTTA...done
	Loading chr17.tRNA24-ThrAGT...done
	Loading chr17.tRNA23-ArgCCG...done
	Loading chr17.tRNA22-Undet???...done
	Loading chr17.tRNA18-ArgCCT...done
	Loading chr17.tRNA21-ArgCCT...done
	Loading chr17.tRNA19-ArgTCG...done
	Loading chr17.tRNA20-MetCAT...done
	Loading chr18.tRNA1-GluCTC...done
	Loading chr18.tRNA4-LysCTT...done
	Loading chr18.tRNA2-PseudoTCC...done
	Loading chr18.tRNA3-PseudoTCC...done
	Loading chr19.tRNA14-PheGAA...done
	Loading chr19.tRNA1-AsnGTT...done
	Loading chr19.tRNA2-GlyTCC...done
	Loading chr19.tRNA13-ValCAC...done
	Loading chr19.tRNA12-PseudoTTG...done
	Loading chr19.tRNA3-LysTTT...done
	Loading chr19.tRNA4-ThrAGT...done
	Loading chr19.tRNA5-LysCTT...done
	Loading chr19.tRNA11-Pseudo???...done
	Loading chr19.tRNA10-IleTAT...done
	Loading chr19.tRNA9-PseudoTTT...done
	Loading chr19.tRNA8-SeCTCA...done
	Loading chr19.tRNA7-LysTTT...done
	Loading chr19.tRNA6-LysCTT...done
	Loading chr20.tRNA7-PseudoCTC...done
	Loading chr20.tRNA1-GlnCTG...done
	Loading chr20.tRNA2-PseudoAGA...done
	Loading chr20.tRNA3-PseudoCAC...done
	Loading chr20.tRNA6-LeuAAG...done
	Loading chr20.tRNA5-PseudoAAT...done
	Loading chr20.tRNA4-PseudoTAA...done
	Loading chr21.tRNA1-SupTTA...done
	Loading chr21.tRNA2-GlyGCC...done
	Loading chr22.tRNA1-SeCTCA...done
	Loading chrX.tRNA7-IleGAT...done
	Loading chrX.tRNA6-IleGAT...done
	Loading chrX.tRNA5-IleGAT...done
	Loading chrX.tRNA4-ValTAC...done
	Loading chrX.tRNA3-PseudoCTC...done
	Loading chrX.tRNA1-PseudoTTG...done
	Loading chrX.tRNA2-LeuTAA...done
	Loading chrY.tRNA1-PseudoTTG...done
	Loading chr1_gl000192_random.tRNA2-PseudoCCC...done
	Loading chr1_gl000192_random.tRNA1-AsnATT...done
	Loading ...done
Loaded 0 junctions
Printing junction BED track...done
Printing insertions...done
Printing deletions...done
Found 0 junctions from happy spliced reads
