
[2019-01-15 10:25:37] Beginning TopHat run (v2.0.14)
-----------------------------------------------
[2019-01-15 10:25:37] Checking for Bowtie
		  Bowtie version:	 2.3.4.3
[2019-01-15 10:25:38] Checking for Bowtie index files (genome)..
[2019-01-15 10:25:38] Checking for reference FASTA file
	Warning: Could not find FASTA file DBs/bowtie2_index/hg19-wholetRNA-CCA.fa
[2019-01-15 10:25:38] Reconstituting reference FASTA file from Bowtie index
  Executing: /usr/bin/bowtie2-inspect DBs/bowtie2_index/hg19-wholetRNA-CCA > SimReads_tophat/tRNA-alignment/tmp/hg19-wholetRNA-CCA.fa
[2019-01-15 10:25:38] Generating SAM header for DBs/bowtie2_index/hg19-wholetRNA-CCA
[2019-01-15 10:25:38] Preparing reads
	 left reads: min. length=43, max. length=50, 12703 kept reads (0 discarded)
[2019-01-15 10:25:38] Mapping left_kept_reads to genome hg19-wholetRNA-CCA with Bowtie2 
[2019-01-15 10:25:38] Mapping left_kept_reads_seg1 to genome hg19-wholetRNA-CCA with Bowtie2 (1/2)
[2019-01-15 10:25:39] Mapping left_kept_reads_seg2 to genome hg19-wholetRNA-CCA with Bowtie2 (2/2)
[2019-01-15 10:25:39] Searching for junctions via segment mapping
Warning: junction database is empty!
[2019-01-15 10:25:39] Reporting output tracks
-----------------------------------------------
[2019-01-15 10:25:40] A summary of the alignment counts can be found in SimReads_tophat/tRNA-alignment/align_summary.txt
[2019-01-15 10:25:40] Run complete: 00:00:02 elapsed
